2025-08-06 17:47:44,179 [INFO] [MainThread] [root/log.py:59]: YASB v1.7.9
2025-08-06 17:47:44,183 [INFO] [Thread-1 (_run_server)] [cli_server/cli_server.py:212]: CLI server started v1.1.2
2025-08-06 17:47:44,183 [INFO] [MainThread] [cli_server/cli_server.py:104]: Log pipe server started
2025-08-06 17:47:44,214 [INFO] [MainThread] [root/config.py:64]: Created default config file at C:\Users\pavle.dencic\.config\yasb\config.yaml
2025-08-06 17:47:44,236 [INFO] [MainThread] [root/config.py:78]: Created default stylesheet at C:\Users\pavle.dencic\.config\yasb\styles.css
2025-08-06 17:48:45,050 [DEBUG] [MainThread] [tzlocal/win32.py:55]: Looking up time zone info from registry
2025-08-06 17:48:47,195 [ERROR] [MainThread] [root/weather.py:57]: API key or location is missing. Please provide a valid API key and location.
2025-08-06 17:48:47,226 [DEBUG] [MainThread] [comtypes/__init__.py:149]: CoInitializeEx(None, 2)
2025-08-06 17:48:49,136 [ERROR] [MainThread] [root/weather.py:57]: API key or location is missing. Please provide a valid API key and location.
2025-08-06 17:48:49,326 [INFO] [MainThread] [root/bar_manager.py:74]: Starting KomorebiEventListener...
2025-08-06 17:48:49,327 [INFO] [MainThread] [root/bar_manager.py:74]: Starting SystemEventListener...
2025-08-06 17:48:49,328 [INFO] [MainThread] [root/bar_manager.py:74]: Starting WindowsNotificationEventListener...
2025-08-06 17:48:49,331 [INFO] [MainThread] [root/watcher.py:54]: Created file watcher for path C:\Users\pavle.dencic\.config\yasb
2025-08-06 17:48:49,452 [INFO] [Dummy-5] [root/event_listener.py:51]: Created named pipe yasb-d826bb16-72dc-11f0-8284-0a6230810ee0
2025-08-06 17:48:49,503 [DEBUG] [MainThread] [qasync._windows._EventPoller/_windows.py:213]: Starting (proactor: <_IocpProactor overlapped#=0 result#=0>)...
2025-08-06 17:48:49,530 [DEBUG] [Dummy-7] [qasync._windows._EventWorker/_windows.py:192]: Thread started
2025-08-06 17:50:59,171 [ERROR] [MainThread] [root/active_window.py:339]: Failed to update active window title for window with HWND 5050522 emitted by event WinEvent.EventSystemForeground
Traceback (most recent call last):
  File "D:\a\yasb\yasb\src\core\widgets\yasb\active_window.py", line 267, in _update_window_title
pywintypes.error: (1400, 'GetForegroundWindow', 'Invalid window handle.')
2025-08-06 17:52:00,397 [ERROR] [MainThread] [root/active_window.py:339]: Failed to update active window title for window with HWND 9376102 emitted by event WinEvent.EventObjectNameChange
Traceback (most recent call last):
  File "D:\a\yasb\yasb\src\core\widgets\yasb\active_window.py", line 267, in _update_window_title
pywintypes.error: (1400, 'GetForegroundWindow', 'Invalid window handle.')
2025-08-06 17:52:15,295 [ERROR] [MainThread] [root/active_window.py:339]: Failed to update active window title for window with HWND 9376102 emitted by event WinEvent.EventObjectNameChange
Traceback (most recent call last):
  File "D:\a\yasb\yasb\src\core\widgets\yasb\active_window.py", line 267, in _update_window_title
pywintypes.error: (1400, 'GetForegroundWindow', 'Invalid window handle.')
2025-08-06 17:55:05,348 [INFO] [MainThread] [root/controller.py:15]: Reloading Bar from context menu...
2025-08-06 17:55:05,463 [INFO] [MainThread] [cli_server/cli_server.py:112]: Log pipe server stopped
2025-08-06 17:55:05,463 [DEBUG] [MainThread] [cli_server/cli_server.py:206]: CLI server stopped
2025-08-06 17:55:05,521 [DEBUG] [MainThread] [qasync._windows._EventPoller/_windows.py:218]: Stopping worker thread...
2025-08-06 17:55:05,541 [DEBUG] [Dummy-7] [qasync._windows._EventWorker/_windows.py:201]: Exiting thread
2025-08-06 17:55:05,543 [DEBUG] [MainThread] [qasync._windows._IocpProactor/_windows.py:75]: Closing
2025-08-06 17:55:05,553 [ERROR] [Dummy-156] [root/event_service.py:32]: Failed to emit signal <bound PYQT_SIGNAL foreground_change of ActiveWindowWidget object at 0x0000018B231244B0>. Removing link to WinEvent.EventSystemForeground.
2025-08-06 17:55:05,562 [ERROR] [Dummy-156] [root/event_service.py:32]: Failed to emit signal <bound PYQT_SIGNAL window_name_change of ActiveWindowWidget object at 0x0000018B231244B0>. Removing link to WinEvent.EventObjectNameChange.
2025-08-06 17:55:05,572 [ERROR] [Dummy-156] [root/event_service.py:32]: Failed to emit signal <bound PYQT_SIGNAL window_name_change of ActiveWindowWidget object at 0x0000018B21737B10>. Removing link to WinEvent.EventObjectStateChange.
2025-08-06 17:55:05,583 [ERROR] [Dummy-156] [root/event_service.py:32]: Failed to emit signal <bound PYQT_SIGNAL window_name_change of ActiveWindowWidget object at 0x0000018B21737B10>. Removing link to WinEvent.EventObjectNameChange.
2025-08-06 17:55:05,873 [INFO] [MainThread] [root/log.py:59]: YASB v1.7.9
2025-08-06 17:55:05,877 [INFO] [Thread-1 (_run_server)] [cli_server/cli_server.py:212]: CLI server started v1.1.2
2025-08-06 17:55:05,877 [INFO] [MainThread] [cli_server/cli_server.py:104]: Log pipe server started
2025-08-06 17:55:06,207 [DEBUG] [MainThread] [tzlocal/win32.py:55]: Looking up time zone info from registry
2025-08-06 17:55:06,352 [ERROR] [MainThread] [root/weather.py:57]: API key or location is missing. Please provide a valid API key and location.
2025-08-06 17:55:06,355 [DEBUG] [MainThread] [comtypes/__init__.py:149]: CoInitializeEx(None, 2)
2025-08-06 17:55:06,994 [ERROR] [MainThread] [root/weather.py:57]: API key or location is missing. Please provide a valid API key and location.
2025-08-06 17:55:07,188 [INFO] [MainThread] [root/bar_manager.py:74]: Starting WindowsNotificationEventListener...
2025-08-06 17:55:07,203 [INFO] [MainThread] [root/bar_manager.py:74]: Starting KomorebiEventListener...
2025-08-06 17:55:07,203 [INFO] [MainThread] [root/bar_manager.py:74]: Starting SystemEventListener...
2025-08-06 17:55:07,204 [INFO] [MainThread] [root/watcher.py:54]: Created file watcher for path C:\Users\pavle.dencic\.config\yasb
2025-08-06 17:55:07,264 [INFO] [Dummy-5] [root/event_listener.py:51]: Created named pipe yasb-b961fe25-72dd-11f0-9349-0a6230810ee0
2025-08-06 17:55:07,308 [DEBUG] [MainThread] [qasync._windows._EventPoller/_windows.py:213]: Starting (proactor: <_IocpProactor overlapped#=0 result#=0>)...
2025-08-06 17:55:07,311 [DEBUG] [Dummy-9] [qasync._windows._EventWorker/_windows.py:192]: Thread started
2025-08-06 17:56:09,310 [ERROR] [MainThread] [root/active_window.py:339]: Failed to update active window title for window with HWND 9376102 emitted by event WinEvent.EventObjectStateChange
Traceback (most recent call last):
  File "D:\a\yasb\yasb\src\core\widgets\yasb\active_window.py", line 267, in _update_window_title
pywintypes.error: (1400, 'GetForegroundWindow', 'Invalid window handle.')
2025-08-06 17:56:44,518 [ERROR] [MainThread] [root/active_window.py:339]: Failed to update active window title for window with HWND 9376102 emitted by event WinEvent.EventObjectStateChange
Traceback (most recent call last):
  File "D:\a\yasb\yasb\src\core\widgets\yasb\active_window.py", line 267, in _update_window_title
pywintypes.error: (1400, 'GetForegroundWindow', 'Invalid window handle.')
2025-08-06 17:56:44,559 [ERROR] [MainThread] [root/active_window.py:339]: Failed to update active window title for window with HWND 9376102 emitted by event WinEvent.EventObjectNameChange
Traceback (most recent call last):
  File "D:\a\yasb\yasb\src\core\widgets\yasb\active_window.py", line 267, in _update_window_title
pywintypes.error: (1400, 'GetForegroundWindow', 'Invalid window handle.')
2025-08-06 17:56:44,585 [ERROR] [MainThread] [root/active_window.py:339]: Failed to update active window title for window with HWND 9376102 emitted by event WinEvent.EventObjectStateChange
Traceback (most recent call last):
  File "D:\a\yasb\yasb\src\core\widgets\yasb\active_window.py", line 267, in _update_window_title
pywintypes.error: (1400, 'GetForegroundWindow', 'Invalid window handle.')
2025-08-06 17:56:44,607 [ERROR] [MainThread] [root/active_window.py:339]: Failed to update active window title for window with HWND 9376102 emitted by event WinEvent.EventObjectNameChange
Traceback (most recent call last):
  File "D:\a\yasb\yasb\src\core\widgets\yasb\active_window.py", line 267, in _update_window_title
pywintypes.error: (1400, 'GetForegroundWindow', 'Invalid window handle.')
2025-08-06 17:56:44,628 [ERROR] [MainThread] [root/active_window.py:339]: Failed to update active window title for window with HWND 9376102 emitted by event WinEvent.EventObjectStateChange
Traceback (most recent call last):
  File "D:\a\yasb\yasb\src\core\widgets\yasb\active_window.py", line 267, in _update_window_title
pywintypes.error: (1400, 'GetForegroundWindow', 'Invalid window handle.')
2025-08-06 17:56:44,649 [ERROR] [MainThread] [root/active_window.py:339]: Failed to update active window title for window with HWND 9376102 emitted by event WinEvent.EventObjectNameChange
Traceback (most recent call last):
  File "D:\a\yasb\yasb\src\core\widgets\yasb\active_window.py", line 267, in _update_window_title
pywintypes.error: (1400, 'GetForegroundWindow', 'Invalid window handle.')
2025-08-06 17:56:44,672 [ERROR] [MainThread] [root/active_window.py:339]: Failed to update active window title for window with HWND 9376102 emitted by event WinEvent.EventObjectStateChange
Traceback (most recent call last):
  File "D:\a\yasb\yasb\src\core\widgets\yasb\active_window.py", line 267, in _update_window_title
pywintypes.error: (1400, 'GetForegroundWindow', 'Invalid window handle.')
2025-08-06 17:59:05,767 [ERROR] [MainThread] [root/active_window.py:339]: Failed to update active window title for window with HWND 9376102 emitted by event WinEvent.EventObjectStateChange
Traceback (most recent call last):
  File "D:\a\yasb\yasb\src\core\widgets\yasb\active_window.py", line 267, in _update_window_title
pywintypes.error: (1400, 'GetForegroundWindow', 'Invalid window handle.')
2025-08-07 09:00:32,918 [INFO] [MainThread] [root/bar_manager.py:69]: Screens updated. Re-initialising all bars.
2025-08-07 09:00:32,919 [INFO] [MainThread] [root/controller.py:15]: Reloading Application because of screen update.
2025-08-07 09:00:33,033 [INFO] [MainThread] [cli_server/cli_server.py:112]: Log pipe server stopped
2025-08-07 09:00:33,033 [DEBUG] [MainThread] [cli_server/cli_server.py:206]: CLI server stopped
2025-08-07 09:00:33,472 [INFO] [MainThread] [root/log.py:59]: YASB v1.7.9
2025-08-07 09:00:33,476 [INFO] [Thread-1 (_run_server)] [cli_server/cli_server.py:212]: CLI server started v1.1.2
2025-08-07 09:00:33,476 [INFO] [MainThread] [cli_server/cli_server.py:104]: Log pipe server started
2025-08-07 09:00:34,407 [DEBUG] [MainThread] [tzlocal/win32.py:55]: Looking up time zone info from registry
2025-08-07 09:00:34,614 [ERROR] [MainThread] [root/weather.py:57]: API key or location is missing. Please provide a valid API key and location.
2025-08-07 09:00:34,619 [DEBUG] [MainThread] [comtypes/__init__.py:149]: CoInitializeEx(None, 2)
2025-08-07 09:00:35,532 [INFO] [MainThread] [root/bar_manager.py:74]: Starting SystemEventListener...
2025-08-07 09:00:35,540 [INFO] [MainThread] [root/bar_manager.py:74]: Starting WindowsNotificationEventListener...
2025-08-07 09:00:35,543 [INFO] [MainThread] [root/bar_manager.py:74]: Starting KomorebiEventListener...
2025-08-07 09:00:35,546 [INFO] [MainThread] [root/watcher.py:54]: Created file watcher for path C:\Users\pavle.dencic\.config\yasb
2025-08-07 09:00:35,600 [INFO] [Dummy-5] [root/event_listener.py:51]: Created named pipe yasb-3799070f-735c-11f0-b53f-0a6230810ee0
2025-08-07 09:00:35,625 [DEBUG] [MainThread] [qasync._windows._EventPoller/_windows.py:213]: Starting (proactor: <_IocpProactor overlapped#=0 result#=0>)...
2025-08-07 09:00:35,628 [DEBUG] [Dummy-7] [qasync._windows._EventWorker/_windows.py:192]: Thread started
2025-08-07 09:03:26,594 [INFO] [MainThread] [root/bar.py:137]: Screen geometry changed. Updating position for bar (primary-bar_DISPLAY769_4e304823)
2025-08-07 09:03:29,490 [INFO] [MainThread] [root/bar.py:137]: Screen geometry changed. Updating position for bar (primary-bar_DISPLAY769_4e304823)
2025-08-07 09:03:33,337 [INFO] [MainThread] [root/bar.py:137]: Screen geometry changed. Updating position for bar (primary-bar_DISPLAY769_4e304823)
2025-08-07 09:03:37,197 [INFO] [MainThread] [root/bar.py:137]: Screen geometry changed. Updating position for bar (primary-bar_DISPLAY769_4e304823)
2025-08-07 09:03:45,404 [INFO] [MainThread] [root/bar.py:137]: Screen geometry changed. Updating position for bar (primary-bar_DISPLAY769_4e304823)
2025-08-07 09:05:48,976 [ERROR] [MainThread] [root/active_window.py:339]: Failed to update active window title for window with HWND 132120 emitted by event WinEvent.EventSystemForeground
Traceback (most recent call last):
  File "D:\a\yasb\yasb\src\core\widgets\yasb\active_window.py", line 267, in _update_window_title
pywintypes.error: (1400, 'GetForegroundWindow', 'Invalid window handle.')
2025-08-07 09:16:17,258 [INFO] [MainThread] [root/bar_manager.py:69]: Screens updated. Re-initialising all bars.
2025-08-07 09:16:17,258 [INFO] [MainThread] [root/controller.py:15]: Reloading Application because of screen update.
2025-08-07 09:16:17,372 [INFO] [MainThread] [cli_server/cli_server.py:112]: Log pipe server stopped
2025-08-07 09:16:17,372 [DEBUG] [MainThread] [cli_server/cli_server.py:206]: CLI server stopped
2025-08-07 09:16:17,670 [INFO] [MainThread] [root/bar_manager.py:69]: Screens updated. Re-initialising all bars.
2025-08-07 09:16:17,671 [INFO] [MainThread] [root/controller.py:15]: Reloading Application because of screen update.
2025-08-07 09:16:17,773 [INFO] [MainThread] [cli_server/cli_server.py:112]: Log pipe server stopped
2025-08-07 09:16:17,774 [DEBUG] [MainThread] [cli_server/cli_server.py:206]: CLI server stopped
2025-08-07 09:16:18,595 [INFO] [MainThread] [root/log.py:59]: YASB v1.7.9
2025-08-07 09:16:18,600 [INFO] [Thread-1 (_run_server)] [cli_server/cli_server.py:212]: CLI server started v1.1.2
2025-08-07 09:16:18,600 [INFO] [MainThread] [cli_server/cli_server.py:104]: Log pipe server started
2025-08-07 09:16:18,807 [DEBUG] [MainThread] [tzlocal/win32.py:55]: Looking up time zone info from registry
2025-08-07 09:16:18,950 [ERROR] [MainThread] [root/weather.py:57]: API key or location is missing. Please provide a valid API key and location.
2025-08-07 09:16:18,955 [DEBUG] [MainThread] [comtypes/__init__.py:149]: CoInitializeEx(None, 2)
2025-08-07 09:16:19,020 [ERROR] [MainThread] [root/volume.py:559]: Failed to initialize volume interface: (-2147023728, 'Element not found.', (None, None, None, 0, None))
2025-08-07 09:16:19,020 [ERROR] [MainThread] [root/volume.py:559]: Failed to initialize volume interface: (-2147023728, 'Element not found.', (None, None, None, 0, None))
2025-08-07 09:16:19,022 [ERROR] [MainThread] [root/widget_builder.py:72]: Failed to import widget 'volume'
Traceback (most recent call last):
  File "D:\a\yasb\yasb\src\core\utils\widget_builder.py", line 64, in _build_widget
  File "D:\a\yasb\yasb\src\core\widgets\yasb\volume.py", line 256, in __init__
  File "D:\a\yasb\yasb\src\core\widgets\yasb\volume.py", line 462, in _update_label
UnboundLocalError: cannot access local variable 'mute_status' where it is not associated with a value
2025-08-07 09:16:19,811 [INFO] [MainThread] [root/bar_manager.py:74]: Starting SystemEventListener...
2025-08-07 09:16:19,818 [INFO] [MainThread] [root/bar_manager.py:74]: Starting WindowsNotificationEventListener...
2025-08-07 09:16:19,821 [INFO] [MainThread] [root/bar_manager.py:74]: Starting KomorebiEventListener...
2025-08-07 09:16:19,822 [INFO] [MainThread] [root/watcher.py:54]: Created file watcher for path C:\Users\pavle.dencic\.config\yasb
2025-08-07 09:16:19,823 [INFO] [Dummy-5] [root/event_listener.py:51]: Created named pipe yasb-6a6e3241-735e-11f0-bf76-0a6230810ee0
2025-08-07 09:16:19,872 [DEBUG] [MainThread] [qasync._windows._EventPoller/_windows.py:213]: Starting (proactor: <_IocpProactor overlapped#=0 result#=0>)...
2025-08-07 09:16:19,874 [DEBUG] [Dummy-9] [qasync._windows._EventWorker/_windows.py:192]: Thread started
2025-08-07 10:45:42,470 [INFO] [MainThread] [root/log.py:59]: YASB v1.7.9
2025-08-07 10:45:42,473 [INFO] [Thread-1 (_run_server)] [cli_server/cli_server.py:212]: CLI server started v1.1.2
2025-08-07 10:45:42,473 [INFO] [MainThread] [cli_server/cli_server.py:104]: Log pipe server started
2025-08-07 10:45:42,634 [DEBUG] [MainThread] [tzlocal/win32.py:55]: Looking up time zone info from registry
2025-08-07 10:45:42,739 [ERROR] [MainThread] [root/weather.py:57]: API key or location is missing. Please provide a valid API key and location.
2025-08-07 10:45:42,742 [DEBUG] [MainThread] [comtypes/__init__.py:149]: CoInitializeEx(None, 2)
2025-08-07 10:45:43,415 [ERROR] [MainThread] [root/weather.py:57]: API key or location is missing. Please provide a valid API key and location.
2025-08-07 10:45:43,718 [INFO] [MainThread] [root/bar_manager.py:74]: Starting KomorebiEventListener...
2025-08-07 10:45:43,726 [INFO] [MainThread] [root/bar_manager.py:74]: Starting SystemEventListener...
2025-08-07 10:45:43,727 [INFO] [MainThread] [root/bar_manager.py:74]: Starting WindowsNotificationEventListener...
2025-08-07 10:45:43,732 [INFO] [Dummy-3] [root/event_listener.py:51]: Created named pipe yasb-e79017df-736a-11f0-9662-0a6230810ee0
2025-08-07 10:45:43,736 [INFO] [MainThread] [root/watcher.py:54]: Created file watcher for path C:\Users\pavle.dencic\.config\yasb
2025-08-07 10:45:43,832 [DEBUG] [MainThread] [qasync._windows._EventPoller/_windows.py:213]: Starting (proactor: <_IocpProactor overlapped#=0 result#=0>)...
2025-08-07 10:45:43,834 [DEBUG] [Dummy-9] [qasync._windows._EventWorker/_windows.py:192]: Thread started
2025-08-07 11:04:51,657 [ERROR] [MainThread] [root/active_window.py:339]: Failed to update active window title for window with HWND 2755302 emitted by event WinEvent.EventObjectStateChange
Traceback (most recent call last):
  File "D:\a\yasb\yasb\src\core\widgets\yasb\active_window.py", line 267, in _update_window_title
pywintypes.error: (1400, 'GetForegroundWindow', 'Invalid window handle.')
2025-08-07 11:08:37,831 [ERROR] [MainThread] [root/config.py:124]: The file 'C:\Users\pavle.dencic\.config\yasb\config.yaml' contains Parser Error(s). Please fix:
while parsing a flow sequence
  in "C:\Users\pavle.dencic\.config\yasb\config.yaml", line 41, column 13
expected ',' or ']', but got '<scalar>'
  in "C:\Users\pavle.dencic\.config\yasb\config.yaml", line 44, column 9
2025-08-07 11:08:39,299 [INFO] [MainThread] [root/controller.py:15]: Reloading Application because of config change.
2025-08-07 11:08:39,403 [INFO] [MainThread] [cli_server/cli_server.py:112]: Log pipe server stopped
2025-08-07 11:08:39,403 [DEBUG] [MainThread] [cli_server/cli_server.py:206]: CLI server stopped
2025-08-07 11:08:39,438 [INFO] [MainThread] [root/bar_manager.py:65]: Successfully loaded updated config and re-initialised all bars.
2025-08-07 11:08:39,438 [DEBUG] [MainThread] [qasync._windows._EventPoller/_windows.py:218]: Stopping worker thread...
2025-08-07 11:08:39,450 [DEBUG] [Dummy-9] [qasync._windows._EventWorker/_windows.py:201]: Exiting thread
2025-08-07 11:08:39,452 [DEBUG] [MainThread] [qasync._windows._IocpProactor/_windows.py:75]: Closing
2025-08-07 11:08:39,732 [INFO] [MainThread] [root/log.py:59]: YASB v1.7.9
2025-08-07 11:08:39,736 [INFO] [Thread-1 (_run_server)] [cli_server/cli_server.py:212]: CLI server started v1.1.2
2025-08-07 11:08:39,736 [INFO] [MainThread] [cli_server/cli_server.py:104]: Log pipe server started
2025-08-07 11:08:39,840 [WARNING] [MainThread] [root/widget_builder.py:40]: No widget config could be found for widget 'glazewm_workspaces
2025-08-07 11:08:39,923 [DEBUG] [MainThread] [tzlocal/win32.py:55]: Looking up time zone info from registry
2025-08-07 11:08:40,077 [ERROR] [MainThread] [root/weather.py:57]: API key or location is missing. Please provide a valid API key and location.
2025-08-07 11:08:40,080 [DEBUG] [MainThread] [comtypes/__init__.py:149]: CoInitializeEx(None, 2)
2025-08-07 11:08:40,731 [WARNING] [MainThread] [root/widget_builder.py:37]: Ignoring construction of invalid widget 'glazewm_workspaces'
2025-08-07 11:08:40,748 [ERROR] [MainThread] [root/weather.py:57]: API key or location is missing. Please provide a valid API key and location.
2025-08-07 11:08:40,878 [INFO] [MainThread] [root/bar_manager.py:74]: Starting SystemEventListener...
2025-08-07 11:08:40,884 [INFO] [MainThread] [root/bar_manager.py:74]: Starting WindowsNotificationEventListener...
2025-08-07 11:08:40,893 [ERROR] [MainThread] [root/widget_builder.py:79]: Failed to add undefined widget(s)  - The widget "glazewm_workspaces" is undefined.
2025-08-07 11:08:45,897 [INFO] [MainThread] [root/watcher.py:54]: Created file watcher for path C:\Users\pavle.dencic\.config\yasb
2025-08-07 11:08:45,944 [DEBUG] [MainThread] [qasync._windows._EventPoller/_windows.py:213]: Starting (proactor: <_IocpProactor overlapped#=0 result#=0>)...
2025-08-07 11:08:45,946 [DEBUG] [Dummy-6] [qasync._windows._EventWorker/_windows.py:192]: Thread started
2025-08-07 11:08:59,778 [ERROR] [MainThread] [root/config.py:115]: The config file 'C:\Users\pavle.dencic\.config\yasb\config.yaml' contains validation errors. Please fix:
widgets:
- glazewm_workspaces:
  - null value not allowed

2025-08-07 11:09:53,213 [ERROR] [MainThread] [root/config.py:115]: The config file 'C:\Users\pavle.dencic\.config\yasb\config.yaml' contains validation errors. Please fix:
widgets:
- glazewm_workspaces:
  - null value not allowed

2025-08-07 11:10:00,920 [ERROR] [MainThread] [root/config.py:115]: The config file 'C:\Users\pavle.dencic\.config\yasb\config.yaml' contains validation errors. Please fix:
widgets:
- glazewm_workspaces:
  - null value not allowed

2025-08-07 11:10:12,204 [INFO] [MainThread] [root/controller.py:15]: Reloading Application because of config change.
2025-08-07 11:10:12,311 [INFO] [MainThread] [cli_server/cli_server.py:112]: Log pipe server stopped
2025-08-07 11:10:12,312 [DEBUG] [MainThread] [cli_server/cli_server.py:206]: CLI server stopped
2025-08-07 11:10:12,330 [INFO] [MainThread] [root/bar_manager.py:65]: Successfully loaded updated config and re-initialised all bars.
2025-08-07 11:10:12,331 [DEBUG] [MainThread] [qasync._windows._EventPoller/_windows.py:218]: Stopping worker thread...
2025-08-07 11:10:12,341 [DEBUG] [Dummy-6] [qasync._windows._EventWorker/_windows.py:201]: Exiting thread
2025-08-07 11:10:12,342 [DEBUG] [MainThread] [qasync._windows._IocpProactor/_windows.py:75]: Closing
2025-08-07 11:10:12,572 [INFO] [MainThread] [root/log.py:59]: YASB v1.7.9
2025-08-07 11:10:12,575 [INFO] [Thread-1 (_run_server)] [cli_server/cli_server.py:212]: CLI server started v1.1.2
2025-08-07 11:10:12,575 [INFO] [MainThread] [cli_server/cli_server.py:104]: Log pipe server started
2025-08-07 11:10:12,575 [ERROR] [MainThread] [root/main.py:36]: Another instance of the YASB is already running.
2025-08-07 11:10:21,320 [INFO] [MainThread] [root/log.py:59]: YASB v1.7.9
2025-08-07 11:10:21,323 [INFO] [Thread-1 (_run_server)] [cli_server/cli_server.py:212]: CLI server started v1.1.2
2025-08-07 11:10:21,323 [INFO] [MainThread] [cli_server/cli_server.py:104]: Log pipe server started
2025-08-07 11:10:21,464 [DEBUG] [MainThread] [tzlocal/win32.py:55]: Looking up time zone info from registry
2025-08-07 11:10:21,626 [ERROR] [MainThread] [root/weather.py:57]: API key or location is missing. Please provide a valid API key and location.
2025-08-07 11:10:21,628 [DEBUG] [MainThread] [comtypes/__init__.py:149]: CoInitializeEx(None, 2)
2025-08-07 11:10:22,319 [ERROR] [MainThread] [root/weather.py:57]: API key or location is missing. Please provide a valid API key and location.
2025-08-07 11:10:22,655 [INFO] [MainThread] [root/bar_manager.py:74]: Starting WindowsNotificationEventListener...
2025-08-07 11:10:22,666 [INFO] [MainThread] [root/bar_manager.py:74]: Starting SystemEventListener...
2025-08-07 11:10:22,667 [INFO] [MainThread] [root/watcher.py:54]: Created file watcher for path C:\Users\pavle.dencic\.config\yasb
2025-08-07 11:10:22,731 [DEBUG] [MainThread] [qasync._windows._EventPoller/_windows.py:213]: Starting (proactor: <_IocpProactor overlapped#=0 result#=0>)...
2025-08-07 11:10:22,734 [DEBUG] [Dummy-6] [qasync._windows._EventWorker/_windows.py:192]: Thread started
2025-08-07 11:12:15,764 [INFO] [MainThread] [root/controller.py:15]: Reloading Application because of config change.
2025-08-07 11:12:15,871 [INFO] [MainThread] [cli_server/cli_server.py:112]: Log pipe server stopped
2025-08-07 11:12:15,871 [DEBUG] [MainThread] [cli_server/cli_server.py:206]: CLI server stopped
2025-08-07 11:12:15,909 [INFO] [MainThread] [root/bar_manager.py:65]: Successfully loaded updated config and re-initialised all bars.
2025-08-07 11:12:15,909 [DEBUG] [MainThread] [qasync._windows._EventPoller/_windows.py:218]: Stopping worker thread...
2025-08-07 11:12:15,933 [DEBUG] [Dummy-6] [qasync._windows._EventWorker/_windows.py:201]: Exiting thread
2025-08-07 11:12:15,934 [DEBUG] [MainThread] [qasync._windows._IocpProactor/_windows.py:75]: Closing
2025-08-07 11:12:15,945 [ERROR] [Dummy-7] [root/event_service.py:32]: Failed to emit signal <bound PYQT_SIGNAL window_name_change of ActiveWindowWidget object at 0x000002873227F6B0>. Removing link to WinEvent.EventObjectNameChange.
2025-08-07 11:12:16,182 [INFO] [MainThread] [root/log.py:59]: YASB v1.7.9
2025-08-07 11:12:16,186 [INFO] [Thread-1 (_run_server)] [cli_server/cli_server.py:212]: CLI server started v1.1.2
2025-08-07 11:12:16,188 [INFO] [MainThread] [cli_server/cli_server.py:104]: Log pipe server started
2025-08-07 11:12:16,507 [DEBUG] [MainThread] [tzlocal/win32.py:55]: Looking up time zone info from registry
2025-08-07 11:12:16,734 [ERROR] [MainThread] [root/weather.py:57]: API key or location is missing. Please provide a valid API key and location.
2025-08-07 11:12:16,740 [DEBUG] [MainThread] [comtypes/__init__.py:149]: CoInitializeEx(None, 2)
2025-08-07 11:12:17,539 [ERROR] [MainThread] [root/weather.py:57]: API key or location is missing. Please provide a valid API key and location.
2025-08-07 11:12:17,847 [INFO] [MainThread] [root/bar_manager.py:74]: Starting SystemEventListener...
2025-08-07 11:12:17,849 [INFO] [MainThread] [root/bar_manager.py:74]: Starting WindowsNotificationEventListener...
2025-08-07 11:12:17,857 [INFO] [MainThread] [root/watcher.py:54]: Created file watcher for path C:\Users\pavle.dencic\.config\yasb
2025-08-07 11:12:17,916 [DEBUG] [MainThread] [qasync._windows._EventPoller/_windows.py:213]: Starting (proactor: <_IocpProactor overlapped#=0 result#=0>)...
2025-08-07 11:12:17,920 [DEBUG] [Dummy-6] [qasync._windows._EventWorker/_windows.py:192]: Thread started
2025-08-07 11:35:27,838 [INFO] [MainThread] [root/controller.py:15]: Reloading Application because of config change.
2025-08-07 11:35:27,941 [INFO] [MainThread] [cli_server/cli_server.py:112]: Log pipe server stopped
2025-08-07 11:35:27,941 [DEBUG] [MainThread] [cli_server/cli_server.py:206]: CLI server stopped
2025-08-07 11:35:27,990 [INFO] [MainThread] [root/bar_manager.py:65]: Successfully loaded updated config and re-initialised all bars.
2025-08-07 11:35:27,990 [DEBUG] [MainThread] [qasync._windows._EventPoller/_windows.py:218]: Stopping worker thread...
2025-08-07 11:35:28,002 [DEBUG] [Dummy-6] [qasync._windows._EventWorker/_windows.py:201]: Exiting thread
2025-08-07 11:35:28,003 [DEBUG] [MainThread] [qasync._windows._IocpProactor/_windows.py:75]: Closing
2025-08-07 11:35:28,012 [ERROR] [Dummy-7] [root/event_service.py:32]: Failed to emit signal <bound PYQT_SIGNAL window_name_change of ActiveWindowWidget object at 0x00000201ABC9F6B0>. Removing link to WinEvent.EventObjectNameChange.
2025-08-07 11:35:28,283 [INFO] [MainThread] [root/log.py:59]: YASB v1.7.9
2025-08-07 11:35:28,287 [INFO] [Thread-1 (_run_server)] [cli_server/cli_server.py:212]: CLI server started v1.1.2
2025-08-07 11:35:28,287 [INFO] [MainThread] [cli_server/cli_server.py:104]: Log pipe server started
2025-08-07 11:35:28,643 [DEBUG] [MainThread] [tzlocal/win32.py:55]: Looking up time zone info from registry
2025-08-07 11:35:28,835 [ERROR] [MainThread] [root/weather.py:57]: API key or location is missing. Please provide a valid API key and location.
2025-08-07 11:35:28,837 [DEBUG] [MainThread] [comtypes/__init__.py:149]: CoInitializeEx(None, 2)
2025-08-07 11:35:29,614 [ERROR] [MainThread] [root/weather.py:57]: API key or location is missing. Please provide a valid API key and location.
2025-08-07 11:35:29,894 [INFO] [MainThread] [root/bar_manager.py:74]: Starting WindowsNotificationEventListener...
2025-08-07 11:35:29,903 [INFO] [MainThread] [root/bar_manager.py:74]: Starting SystemEventListener...
2025-08-07 11:35:29,905 [INFO] [MainThread] [root/watcher.py:54]: Created file watcher for path C:\Users\pavle.dencic\.config\yasb
2025-08-07 11:35:29,957 [DEBUG] [MainThread] [qasync._windows._EventPoller/_windows.py:213]: Starting (proactor: <_IocpProactor overlapped#=0 result#=0>)...
2025-08-07 11:35:29,959 [DEBUG] [Dummy-6] [qasync._windows._EventWorker/_windows.py:192]: Thread started
2025-08-07 11:37:06,108 [INFO] [MainThread] [root/controller.py:15]: Reloading Application because of config change.
2025-08-07 11:37:06,223 [INFO] [MainThread] [cli_server/cli_server.py:112]: Log pipe server stopped
2025-08-07 11:37:06,223 [DEBUG] [MainThread] [cli_server/cli_server.py:206]: CLI server stopped
2025-08-07 11:37:06,248 [INFO] [MainThread] [root/bar_manager.py:65]: Successfully loaded updated config and re-initialised all bars.
2025-08-07 11:37:06,248 [DEBUG] [MainThread] [qasync._windows._EventPoller/_windows.py:218]: Stopping worker thread...
2025-08-07 11:37:06,269 [DEBUG] [Dummy-6] [qasync._windows._EventWorker/_windows.py:201]: Exiting thread
2025-08-07 11:37:06,270 [DEBUG] [MainThread] [qasync._windows._IocpProactor/_windows.py:75]: Closing
2025-08-07 11:37:06,283 [ERROR] [Dummy-7] [root/event_service.py:32]: Failed to emit signal <bound PYQT_SIGNAL window_name_change of ActiveWindowWidget object at 0x0000022C2A04F6B0>. Removing link to WinEvent.EventObjectNameChange.
2025-08-07 11:37:06,508 [INFO] [MainThread] [root/log.py:59]: YASB v1.7.9
2025-08-07 11:37:06,512 [INFO] [Thread-1 (_run_server)] [cli_server/cli_server.py:212]: CLI server started v1.1.2
2025-08-07 11:37:06,512 [INFO] [MainThread] [cli_server/cli_server.py:104]: Log pipe server started
2025-08-07 11:37:06,826 [DEBUG] [MainThread] [tzlocal/win32.py:55]: Looking up time zone info from registry
2025-08-07 11:37:07,030 [ERROR] [MainThread] [root/weather.py:57]: API key or location is missing. Please provide a valid API key and location.
2025-08-07 11:37:07,033 [DEBUG] [MainThread] [comtypes/__init__.py:149]: CoInitializeEx(None, 2)
2025-08-07 11:37:07,797 [ERROR] [MainThread] [root/weather.py:57]: API key or location is missing. Please provide a valid API key and location.
2025-08-07 11:37:08,065 [INFO] [MainThread] [root/bar_manager.py:74]: Starting SystemEventListener...
2025-08-07 11:37:08,066 [INFO] [MainThread] [root/bar_manager.py:74]: Starting WindowsNotificationEventListener...
2025-08-07 11:37:08,076 [INFO] [MainThread] [root/watcher.py:54]: Created file watcher for path C:\Users\pavle.dencic\.config\yasb
2025-08-07 11:37:08,175 [DEBUG] [MainThread] [qasync._windows._EventPoller/_windows.py:213]: Starting (proactor: <_IocpProactor overlapped#=0 result#=0>)...
2025-08-07 11:37:08,181 [DEBUG] [Dummy-6] [qasync._windows._EventWorker/_windows.py:192]: Thread started
2025-08-07 11:38:33,747 [INFO] [MainThread] [root/controller.py:15]: Reloading Application because of config change.
2025-08-07 11:38:33,853 [INFO] [MainThread] [cli_server/cli_server.py:112]: Log pipe server stopped
2025-08-07 11:38:33,853 [DEBUG] [MainThread] [cli_server/cli_server.py:206]: CLI server stopped
2025-08-07 11:38:33,892 [INFO] [MainThread] [root/bar_manager.py:65]: Successfully loaded updated config and re-initialised all bars.
2025-08-07 11:38:33,893 [DEBUG] [MainThread] [qasync._windows._EventPoller/_windows.py:218]: Stopping worker thread...
2025-08-07 11:38:33,916 [DEBUG] [Dummy-6] [qasync._windows._EventWorker/_windows.py:201]: Exiting thread
2025-08-07 11:38:33,917 [DEBUG] [MainThread] [qasync._windows._IocpProactor/_windows.py:75]: Closing
2025-08-07 11:38:34,160 [INFO] [MainThread] [root/log.py:59]: YASB v1.7.9
2025-08-07 11:38:34,163 [INFO] [Thread-1 (_run_server)] [cli_server/cli_server.py:212]: CLI server started v1.1.2
2025-08-07 11:38:34,163 [INFO] [MainThread] [cli_server/cli_server.py:104]: Log pipe server started
2025-08-07 11:38:34,548 [DEBUG] [MainThread] [tzlocal/win32.py:55]: Looking up time zone info from registry
2025-08-07 11:38:34,686 [ERROR] [MainThread] [root/weather.py:57]: API key or location is missing. Please provide a valid API key and location.
2025-08-07 11:38:34,688 [DEBUG] [MainThread] [comtypes/__init__.py:149]: CoInitializeEx(None, 2)
2025-08-07 11:38:35,408 [ERROR] [MainThread] [root/weather.py:57]: API key or location is missing. Please provide a valid API key and location.
2025-08-07 11:38:35,701 [INFO] [MainThread] [root/bar_manager.py:74]: Starting WindowsNotificationEventListener...
2025-08-07 11:38:35,707 [INFO] [MainThread] [root/bar_manager.py:74]: Starting SystemEventListener...
2025-08-07 11:38:35,709 [INFO] [MainThread] [root/watcher.py:54]: Created file watcher for path C:\Users\pavle.dencic\.config\yasb
2025-08-07 11:38:35,787 [DEBUG] [MainThread] [qasync._windows._EventPoller/_windows.py:213]: Starting (proactor: <_IocpProactor overlapped#=0 result#=0>)...
2025-08-07 11:38:35,791 [DEBUG] [Dummy-6] [qasync._windows._EventWorker/_windows.py:192]: Thread started
2025-08-07 11:40:22,482 [INFO] [MainThread] [root/controller.py:15]: Reloading Application because of config change.
2025-08-07 11:40:22,591 [INFO] [MainThread] [cli_server/cli_server.py:112]: Log pipe server stopped
2025-08-07 11:40:22,591 [DEBUG] [MainThread] [cli_server/cli_server.py:206]: CLI server stopped
2025-08-07 11:40:22,617 [INFO] [MainThread] [root/bar_manager.py:65]: Successfully loaded updated config and re-initialised all bars.
2025-08-07 11:40:22,617 [DEBUG] [MainThread] [qasync._windows._EventPoller/_windows.py:218]: Stopping worker thread...
2025-08-07 11:40:22,637 [DEBUG] [Dummy-6] [qasync._windows._EventWorker/_windows.py:201]: Exiting thread
2025-08-07 11:40:22,639 [DEBUG] [MainThread] [qasync._windows._IocpProactor/_windows.py:75]: Closing
2025-08-07 11:40:22,900 [INFO] [MainThread] [root/log.py:59]: YASB v1.7.9
2025-08-07 11:40:22,905 [INFO] [Thread-1 (_run_server)] [cli_server/cli_server.py:212]: CLI server started v1.1.2
2025-08-07 11:40:22,906 [INFO] [MainThread] [cli_server/cli_server.py:104]: Log pipe server started
2025-08-07 11:40:23,250 [DEBUG] [MainThread] [tzlocal/win32.py:55]: Looking up time zone info from registry
2025-08-07 11:40:23,396 [ERROR] [MainThread] [root/weather.py:57]: API key or location is missing. Please provide a valid API key and location.
2025-08-07 11:40:23,400 [DEBUG] [MainThread] [comtypes/__init__.py:149]: CoInitializeEx(None, 2)
2025-08-07 11:40:24,135 [ERROR] [MainThread] [root/weather.py:57]: API key or location is missing. Please provide a valid API key and location.
2025-08-07 11:40:24,440 [INFO] [MainThread] [root/bar_manager.py:74]: Starting WindowsNotificationEventListener...
2025-08-07 11:40:24,448 [INFO] [MainThread] [root/bar_manager.py:74]: Starting SystemEventListener...
2025-08-07 11:40:24,449 [INFO] [MainThread] [root/watcher.py:54]: Created file watcher for path C:\Users\pavle.dencic\.config\yasb
2025-08-07 11:40:24,504 [DEBUG] [MainThread] [qasync._windows._EventPoller/_windows.py:213]: Starting (proactor: <_IocpProactor overlapped#=0 result#=0>)...
2025-08-07 11:40:24,507 [DEBUG] [Dummy-6] [qasync._windows._EventWorker/_windows.py:192]: Thread started
2025-08-07 12:20:04,187 [ERROR] [MainThread] [root/active_window.py:339]: Failed to update active window title for window with HWND 1836548 emitted by event WinEvent.EventSystemForeground
Traceback (most recent call last):
  File "D:\a\yasb\yasb\src\core\widgets\yasb\active_window.py", line 267, in _update_window_title
pywintypes.error: (1400, 'GetForegroundWindow', 'Invalid window handle.')
2025-08-07 12:24:23,723 [INFO] [MainThread] [root/controller.py:15]: Reloading Application because of config change.
2025-08-07 12:24:23,833 [INFO] [MainThread] [cli_server/cli_server.py:112]: Log pipe server stopped
2025-08-07 12:24:23,833 [DEBUG] [MainThread] [cli_server/cli_server.py:206]: CLI server stopped
2025-08-07 12:24:23,863 [INFO] [MainThread] [root/bar_manager.py:65]: Successfully loaded updated config and re-initialised all bars.
2025-08-07 12:24:23,864 [DEBUG] [MainThread] [qasync._windows._EventPoller/_windows.py:218]: Stopping worker thread...
2025-08-07 12:24:23,880 [DEBUG] [Dummy-6] [qasync._windows._EventWorker/_windows.py:201]: Exiting thread
2025-08-07 12:24:23,881 [DEBUG] [MainThread] [qasync._windows._IocpProactor/_windows.py:75]: Closing
2025-08-07 12:24:23,895 [ERROR] [Dummy-7] [root/event_service.py:32]: Failed to emit signal <bound PYQT_SIGNAL window_name_change of ActiveWindowWidget object at 0x000001D75E7B6C10>. Removing link to WinEvent.EventObjectNameChange.
2025-08-07 12:24:24,168 [INFO] [MainThread] [root/log.py:59]: YASB v1.7.9
2025-08-07 12:24:24,172 [INFO] [Thread-1 (_run_server)] [cli_server/cli_server.py:212]: CLI server started v1.1.2
2025-08-07 12:24:24,172 [INFO] [MainThread] [cli_server/cli_server.py:104]: Log pipe server started
2025-08-07 12:24:24,402 [DEBUG] [MainThread] [tzlocal/win32.py:55]: Looking up time zone info from registry
2025-08-07 12:24:24,557 [ERROR] [MainThread] [root/weather.py:57]: API key or location is missing. Please provide a valid API key and location.
2025-08-07 12:24:24,561 [DEBUG] [MainThread] [comtypes/__init__.py:149]: CoInitializeEx(None, 2)
2025-08-07 12:24:25,229 [ERROR] [MainThread] [root/weather.py:57]: API key or location is missing. Please provide a valid API key and location.
2025-08-07 12:24:25,413 [INFO] [MainThread] [root/bar_manager.py:74]: Starting SystemEventListener...
2025-08-07 12:24:25,414 [INFO] [MainThread] [root/bar_manager.py:74]: Starting WindowsNotificationEventListener...
2025-08-07 12:24:25,418 [INFO] [MainThread] [root/watcher.py:54]: Created file watcher for path C:\Users\pavle.dencic\.config\yasb
2025-08-07 12:24:25,465 [DEBUG] [MainThread] [qasync._windows._EventPoller/_windows.py:213]: Starting (proactor: <_IocpProactor overlapped#=0 result#=0>)...
2025-08-07 12:24:25,467 [DEBUG] [Dummy-6] [qasync._windows._EventWorker/_windows.py:192]: Thread started
2025-08-07 12:24:42,152 [INFO] [MainThread] [root/controller.py:15]: Reloading Application because of config change.
2025-08-07 12:24:42,257 [INFO] [MainThread] [cli_server/cli_server.py:112]: Log pipe server stopped
2025-08-07 12:24:42,257 [DEBUG] [MainThread] [cli_server/cli_server.py:206]: CLI server stopped
2025-08-07 12:24:42,295 [INFO] [MainThread] [root/bar_manager.py:65]: Successfully loaded updated config and re-initialised all bars.
2025-08-07 12:24:42,295 [DEBUG] [MainThread] [qasync._windows._EventPoller/_windows.py:218]: Stopping worker thread...
2025-08-07 12:24:42,304 [DEBUG] [Dummy-6] [qasync._windows._EventWorker/_windows.py:201]: Exiting thread
2025-08-07 12:24:42,305 [DEBUG] [MainThread] [qasync._windows._IocpProactor/_windows.py:75]: Closing
2025-08-07 12:24:42,567 [INFO] [MainThread] [root/log.py:59]: YASB v1.7.9
2025-08-07 12:24:42,571 [INFO] [Thread-1 (_run_server)] [cli_server/cli_server.py:212]: CLI server started v1.1.2
2025-08-07 12:24:42,571 [INFO] [MainThread] [cli_server/cli_server.py:104]: Log pipe server started
2025-08-07 12:24:42,782 [DEBUG] [MainThread] [tzlocal/win32.py:55]: Looking up time zone info from registry
2025-08-07 12:24:42,953 [ERROR] [MainThread] [root/weather.py:57]: API key or location is missing. Please provide a valid API key and location.
2025-08-07 12:24:42,959 [DEBUG] [MainThread] [comtypes/__init__.py:149]: CoInitializeEx(None, 2)
2025-08-07 12:24:43,589 [ERROR] [MainThread] [root/weather.py:57]: API key or location is missing. Please provide a valid API key and location.
2025-08-07 12:24:43,764 [INFO] [MainThread] [root/bar_manager.py:74]: Starting WindowsNotificationEventListener...
2025-08-07 12:24:43,768 [INFO] [MainThread] [root/bar_manager.py:74]: Starting SystemEventListener...
2025-08-07 12:24:43,768 [INFO] [MainThread] [root/watcher.py:54]: Created file watcher for path C:\Users\pavle.dencic\.config\yasb
2025-08-07 12:24:43,814 [DEBUG] [MainThread] [qasync._windows._EventPoller/_windows.py:213]: Starting (proactor: <_IocpProactor overlapped#=0 result#=0>)...
2025-08-07 12:24:43,815 [DEBUG] [Dummy-6] [qasync._windows._EventWorker/_windows.py:192]: Thread started
2025-08-07 12:28:52,946 [ERROR] [MainThread] [root/active_window.py:339]: Failed to update active window title for window with HWND 4917494 emitted by event WinEvent.EventObjectStateChange
Traceback (most recent call last):
  File "D:\a\yasb\yasb\src\core\widgets\yasb\active_window.py", line 267, in _update_window_title
pywintypes.error: (1400, 'GetForegroundWindow', 'Invalid window handle.')
2025-08-07 12:28:59,613 [INFO] [MainThread] [root/controller.py:15]: Reloading Application because of config change.
2025-08-07 12:28:59,716 [INFO] [MainThread] [cli_server/cli_server.py:112]: Log pipe server stopped
2025-08-07 12:28:59,716 [DEBUG] [MainThread] [cli_server/cli_server.py:206]: CLI server stopped
2025-08-07 12:28:59,763 [INFO] [MainThread] [root/bar_manager.py:65]: Successfully loaded updated config and re-initialised all bars.
2025-08-07 12:28:59,763 [DEBUG] [MainThread] [qasync._windows._EventPoller/_windows.py:218]: Stopping worker thread...
2025-08-07 12:28:59,778 [DEBUG] [Dummy-6] [qasync._windows._EventWorker/_windows.py:201]: Exiting thread
2025-08-07 12:28:59,779 [DEBUG] [MainThread] [qasync._windows._IocpProactor/_windows.py:75]: Closing
2025-08-07 12:28:59,788 [ERROR] [Dummy-7] [root/event_service.py:32]: Failed to emit signal <bound PYQT_SIGNAL window_name_change of ActiveWindowWidget object at 0x000002089FB66B70>. Removing link to WinEvent.EventObjectNameChange.
2025-08-07 12:29:00,050 [INFO] [MainThread] [root/log.py:59]: YASB v1.7.9
2025-08-07 12:29:00,054 [INFO] [Thread-1 (_run_server)] [cli_server/cli_server.py:212]: CLI server started v1.1.2
2025-08-07 12:29:00,054 [INFO] [MainThread] [cli_server/cli_server.py:104]: Log pipe server started
2025-08-07 12:29:00,289 [DEBUG] [MainThread] [tzlocal/win32.py:55]: Looking up time zone info from registry
2025-08-07 12:29:00,454 [ERROR] [MainThread] [root/weather.py:57]: API key or location is missing. Please provide a valid API key and location.
2025-08-07 12:29:00,460 [DEBUG] [MainThread] [comtypes/__init__.py:149]: CoInitializeEx(None, 2)
2025-08-07 12:29:01,119 [ERROR] [MainThread] [root/weather.py:57]: API key or location is missing. Please provide a valid API key and location.
2025-08-07 12:29:01,303 [INFO] [MainThread] [root/bar_manager.py:74]: Starting SystemEventListener...
2025-08-07 12:29:01,304 [INFO] [MainThread] [root/bar_manager.py:74]: Starting WindowsNotificationEventListener...
2025-08-07 12:29:01,313 [INFO] [MainThread] [root/watcher.py:54]: Created file watcher for path C:\Users\pavle.dencic\.config\yasb
2025-08-07 12:29:01,357 [DEBUG] [MainThread] [qasync._windows._EventPoller/_windows.py:213]: Starting (proactor: <_IocpProactor overlapped#=0 result#=0>)...
2025-08-07 12:29:01,361 [DEBUG] [Dummy-6] [qasync._windows._EventWorker/_windows.py:192]: Thread started
2025-08-07 12:29:10,632 [INFO] [MainThread] [root/controller.py:15]: Reloading Application because of config change.
2025-08-07 12:29:10,741 [INFO] [MainThread] [cli_server/cli_server.py:112]: Log pipe server stopped
2025-08-07 12:29:10,741 [DEBUG] [MainThread] [cli_server/cli_server.py:206]: CLI server stopped
2025-08-07 12:29:10,777 [INFO] [MainThread] [root/bar_manager.py:65]: Successfully loaded updated config and re-initialised all bars.
2025-08-07 12:29:10,778 [DEBUG] [MainThread] [qasync._windows._EventPoller/_windows.py:218]: Stopping worker thread...
2025-08-07 12:29:10,788 [DEBUG] [Dummy-6] [qasync._windows._EventWorker/_windows.py:201]: Exiting thread
2025-08-07 12:29:10,789 [DEBUG] [MainThread] [qasync._windows._IocpProactor/_windows.py:75]: Closing
2025-08-07 12:29:11,055 [INFO] [MainThread] [root/log.py:59]: YASB v1.7.9
2025-08-07 12:29:11,058 [INFO] [Thread-1 (_run_server)] [cli_server/cli_server.py:212]: CLI server started v1.1.2
2025-08-07 12:29:11,059 [INFO] [MainThread] [cli_server/cli_server.py:104]: Log pipe server started
2025-08-07 12:29:11,275 [DEBUG] [MainThread] [tzlocal/win32.py:55]: Looking up time zone info from registry
2025-08-07 12:29:11,441 [ERROR] [MainThread] [root/weather.py:57]: API key or location is missing. Please provide a valid API key and location.
2025-08-07 12:29:11,443 [DEBUG] [MainThread] [comtypes/__init__.py:149]: CoInitializeEx(None, 2)
2025-08-07 12:29:12,072 [ERROR] [MainThread] [root/weather.py:57]: API key or location is missing. Please provide a valid API key and location.
2025-08-07 12:29:12,256 [INFO] [MainThread] [root/bar_manager.py:74]: Starting WindowsNotificationEventListener...
2025-08-07 12:29:12,261 [INFO] [MainThread] [root/bar_manager.py:74]: Starting SystemEventListener...
2025-08-07 12:29:12,262 [INFO] [MainThread] [root/watcher.py:54]: Created file watcher for path C:\Users\pavle.dencic\.config\yasb
2025-08-07 12:29:12,311 [DEBUG] [MainThread] [qasync._windows._EventPoller/_windows.py:213]: Starting (proactor: <_IocpProactor overlapped#=0 result#=0>)...
2025-08-07 12:29:12,313 [DEBUG] [Dummy-6] [qasync._windows._EventWorker/_windows.py:192]: Thread started
2025-08-07 12:30:35,844 [INFO] [MainThread] [root/controller.py:15]: Reloading Application because of config change.
2025-08-07 12:30:35,948 [INFO] [MainThread] [cli_server/cli_server.py:112]: Log pipe server stopped
2025-08-07 12:30:35,948 [DEBUG] [MainThread] [cli_server/cli_server.py:206]: CLI server stopped
2025-08-07 12:30:35,970 [INFO] [MainThread] [root/bar_manager.py:65]: Successfully loaded updated config and re-initialised all bars.
2025-08-07 12:30:35,970 [DEBUG] [MainThread] [qasync._windows._EventPoller/_windows.py:218]: Stopping worker thread...
2025-08-07 12:30:35,980 [DEBUG] [Dummy-6] [qasync._windows._EventWorker/_windows.py:201]: Exiting thread
2025-08-07 12:30:35,981 [DEBUG] [MainThread] [qasync._windows._IocpProactor/_windows.py:75]: Closing
2025-08-07 12:30:36,250 [INFO] [MainThread] [root/log.py:59]: YASB v1.7.9
2025-08-07 12:30:36,255 [INFO] [Thread-1 (_run_server)] [cli_server/cli_server.py:212]: CLI server started v1.1.2
2025-08-07 12:30:36,255 [INFO] [MainThread] [cli_server/cli_server.py:104]: Log pipe server started
2025-08-07 12:30:36,473 [DEBUG] [MainThread] [tzlocal/win32.py:55]: Looking up time zone info from registry
2025-08-07 12:30:36,643 [ERROR] [MainThread] [root/weather.py:57]: API key or location is missing. Please provide a valid API key and location.
2025-08-07 12:30:36,646 [DEBUG] [MainThread] [comtypes/__init__.py:149]: CoInitializeEx(None, 2)
2025-08-07 12:30:37,340 [ERROR] [MainThread] [root/weather.py:57]: API key or location is missing. Please provide a valid API key and location.
2025-08-07 12:30:37,520 [INFO] [MainThread] [root/bar_manager.py:74]: Starting WindowsNotificationEventListener...
2025-08-07 12:30:37,529 [INFO] [MainThread] [root/bar_manager.py:74]: Starting SystemEventListener...
2025-08-07 12:30:37,530 [INFO] [MainThread] [root/watcher.py:54]: Created file watcher for path C:\Users\pavle.dencic\.config\yasb
2025-08-07 12:30:37,578 [DEBUG] [MainThread] [qasync._windows._EventPoller/_windows.py:213]: Starting (proactor: <_IocpProactor overlapped#=0 result#=0>)...
2025-08-07 12:30:37,579 [DEBUG] [Dummy-6] [qasync._windows._EventWorker/_windows.py:192]: Thread started
2025-08-07 12:30:55,714 [ERROR] [MainThread] [root/config.py:124]: The file 'C:\Users\pavle.dencic\.config\yasb\config.yaml' contains Parser Error(s). Please fix:
while parsing a flow sequence
  in "C:\Users\pavle.dencic\.config\yasb\config.yaml", line 49, column 14
expected ',' or ']', but got '<scalar>'
  in "C:\Users\pavle.dencic\.config\yasb\config.yaml", line 51, column 9
2025-08-07 12:30:57,384 [INFO] [MainThread] [root/controller.py:15]: Reloading Application because of config change.
2025-08-07 12:30:57,499 [INFO] [MainThread] [cli_server/cli_server.py:112]: Log pipe server stopped
2025-08-07 12:30:57,499 [DEBUG] [MainThread] [cli_server/cli_server.py:206]: CLI server stopped
2025-08-07 12:30:57,530 [INFO] [MainThread] [root/bar_manager.py:65]: Successfully loaded updated config and re-initialised all bars.
2025-08-07 12:30:57,531 [DEBUG] [MainThread] [qasync._windows._EventPoller/_windows.py:218]: Stopping worker thread...
2025-08-07 12:30:57,545 [DEBUG] [Dummy-6] [qasync._windows._EventWorker/_windows.py:201]: Exiting thread
2025-08-07 12:30:57,546 [DEBUG] [MainThread] [qasync._windows._IocpProactor/_windows.py:75]: Closing
2025-08-07 12:30:57,555 [ERROR] [Dummy-7] [root/event_service.py:32]: Failed to emit signal <bound PYQT_SIGNAL window_name_change of ActiveWindowWidget object at 0x00000270C0006B70>. Removing link to WinEvent.EventObjectNameChange.
2025-08-07 12:30:57,781 [INFO] [MainThread] [root/log.py:59]: YASB v1.7.9
2025-08-07 12:30:57,785 [INFO] [Thread-1 (_run_server)] [cli_server/cli_server.py:212]: CLI server started v1.1.2
2025-08-07 12:30:57,786 [INFO] [MainThread] [cli_server/cli_server.py:104]: Log pipe server started
2025-08-07 12:30:58,031 [DEBUG] [MainThread] [tzlocal/win32.py:55]: Looking up time zone info from registry
2025-08-07 12:30:58,215 [ERROR] [MainThread] [root/weather.py:57]: API key or location is missing. Please provide a valid API key and location.
2025-08-07 12:30:58,218 [DEBUG] [MainThread] [comtypes/__init__.py:149]: CoInitializeEx(None, 2)
2025-08-07 12:30:58,852 [ERROR] [MainThread] [root/weather.py:57]: API key or location is missing. Please provide a valid API key and location.
2025-08-07 12:30:59,031 [INFO] [MainThread] [root/bar_manager.py:74]: Starting SystemEventListener...
2025-08-07 12:30:59,032 [INFO] [MainThread] [root/bar_manager.py:74]: Starting WindowsNotificationEventListener...
2025-08-07 12:30:59,038 [INFO] [MainThread] [root/watcher.py:54]: Created file watcher for path C:\Users\pavle.dencic\.config\yasb
2025-08-07 12:30:59,087 [DEBUG] [MainThread] [qasync._windows._EventPoller/_windows.py:213]: Starting (proactor: <_IocpProactor overlapped#=0 result#=0>)...
2025-08-07 12:30:59,091 [DEBUG] [Dummy-6] [qasync._windows._EventWorker/_windows.py:192]: Thread started
2025-08-07 12:38:31,593 [INFO] [MainThread] [root/controller.py:15]: Reloading Application because of config change.
2025-08-07 12:38:31,706 [INFO] [MainThread] [cli_server/cli_server.py:112]: Log pipe server stopped
2025-08-07 12:38:31,706 [DEBUG] [MainThread] [cli_server/cli_server.py:206]: CLI server stopped
2025-08-07 12:38:31,745 [INFO] [MainThread] [root/bar_manager.py:65]: Successfully loaded updated config and re-initialised all bars.
2025-08-07 12:38:31,745 [DEBUG] [MainThread] [qasync._windows._EventPoller/_windows.py:218]: Stopping worker thread...
2025-08-07 12:38:31,768 [DEBUG] [Dummy-6] [qasync._windows._EventWorker/_windows.py:201]: Exiting thread
2025-08-07 12:38:31,769 [DEBUG] [MainThread] [qasync._windows._IocpProactor/_windows.py:75]: Closing
2025-08-07 12:38:31,785 [ERROR] [Dummy-7] [root/event_service.py:32]: Failed to emit signal <bound PYQT_SIGNAL window_name_change of ActiveWindowWidget object at 0x00000249E2626B70>. Removing link to WinEvent.EventObjectNameChange.
2025-08-07 12:38:32,008 [INFO] [MainThread] [root/log.py:59]: YASB v1.7.9
2025-08-07 12:38:32,011 [INFO] [Thread-1 (_run_server)] [cli_server/cli_server.py:212]: CLI server started v1.1.2
2025-08-07 12:38:32,012 [INFO] [MainThread] [cli_server/cli_server.py:104]: Log pipe server started
2025-08-07 12:38:32,340 [DEBUG] [MainThread] [tzlocal/win32.py:55]: Looking up time zone info from registry
2025-08-07 12:38:32,528 [ERROR] [MainThread] [root/weather.py:57]: API key or location is missing. Please provide a valid API key and location.
2025-08-07 12:38:32,532 [DEBUG] [MainThread] [comtypes/__init__.py:149]: CoInitializeEx(None, 2)
2025-08-07 12:38:33,291 [ERROR] [MainThread] [root/weather.py:57]: API key or location is missing. Please provide a valid API key and location.
2025-08-07 12:38:33,586 [INFO] [MainThread] [root/bar_manager.py:74]: Starting SystemEventListener...
2025-08-07 12:38:33,587 [INFO] [MainThread] [root/bar_manager.py:74]: Starting WindowsNotificationEventListener...
2025-08-07 12:38:33,596 [INFO] [MainThread] [root/watcher.py:54]: Created file watcher for path C:\Users\pavle.dencic\.config\yasb
2025-08-07 12:38:33,665 [DEBUG] [MainThread] [qasync._windows._EventPoller/_windows.py:213]: Starting (proactor: <_IocpProactor overlapped#=0 result#=0>)...
2025-08-07 12:38:33,667 [DEBUG] [Dummy-6] [qasync._windows._EventWorker/_windows.py:192]: Thread started
2025-08-07 12:39:05,619 [INFO] [MainThread] [root/controller.py:15]: Reloading Application because of config change.
2025-08-07 12:39:05,728 [INFO] [MainThread] [cli_server/cli_server.py:112]: Log pipe server stopped
2025-08-07 12:39:05,728 [DEBUG] [MainThread] [cli_server/cli_server.py:206]: CLI server stopped
2025-08-07 12:39:05,754 [INFO] [MainThread] [root/bar_manager.py:65]: Successfully loaded updated config and re-initialised all bars.
2025-08-07 12:39:05,754 [DEBUG] [MainThread] [qasync._windows._EventPoller/_windows.py:218]: Stopping worker thread...
2025-08-07 12:39:05,774 [DEBUG] [Dummy-6] [qasync._windows._EventWorker/_windows.py:201]: Exiting thread
2025-08-07 12:39:05,776 [DEBUG] [MainThread] [qasync._windows._IocpProactor/_windows.py:75]: Closing
2025-08-07 12:39:05,804 [ERROR] [Dummy-7] [root/event_service.py:32]: Failed to emit signal <bound PYQT_SIGNAL window_name_change of ActiveWindowWidget object at 0x000001FAF4D26B70>. Removing link to WinEvent.EventObjectNameChange.
2025-08-07 12:39:06,039 [INFO] [MainThread] [root/log.py:59]: YASB v1.7.9
2025-08-07 12:39:06,043 [INFO] [Thread-1 (_run_server)] [cli_server/cli_server.py:212]: CLI server started v1.1.2
2025-08-07 12:39:06,044 [INFO] [MainThread] [cli_server/cli_server.py:104]: Log pipe server started
2025-08-07 12:39:06,326 [DEBUG] [MainThread] [tzlocal/win32.py:55]: Looking up time zone info from registry
2025-08-07 12:39:06,530 [ERROR] [MainThread] [root/weather.py:57]: API key or location is missing. Please provide a valid API key and location.
2025-08-07 12:39:06,533 [DEBUG] [MainThread] [comtypes/__init__.py:149]: CoInitializeEx(None, 2)
2025-08-07 12:39:07,264 [ERROR] [MainThread] [root/weather.py:57]: API key or location is missing. Please provide a valid API key and location.
2025-08-07 12:39:07,460 [INFO] [MainThread] [root/bar_manager.py:74]: Starting WindowsNotificationEventListener...
2025-08-07 12:39:07,467 [INFO] [MainThread] [root/bar_manager.py:74]: Starting SystemEventListener...
2025-08-07 12:39:07,468 [INFO] [MainThread] [root/watcher.py:54]: Created file watcher for path C:\Users\pavle.dencic\.config\yasb
2025-08-07 12:39:07,505 [DEBUG] [MainThread] [qasync._windows._EventPoller/_windows.py:213]: Starting (proactor: <_IocpProactor overlapped#=0 result#=0>)...
2025-08-07 12:39:07,510 [DEBUG] [Dummy-6] [qasync._windows._EventWorker/_windows.py:192]: Thread started
2025-08-07 12:39:49,929 [INFO] [MainThread] [root/controller.py:15]: Reloading Application because of config change.
2025-08-07 12:39:50,042 [INFO] [MainThread] [cli_server/cli_server.py:112]: Log pipe server stopped
2025-08-07 12:39:50,042 [DEBUG] [MainThread] [cli_server/cli_server.py:206]: CLI server stopped
2025-08-07 12:39:50,077 [INFO] [MainThread] [root/bar_manager.py:65]: Successfully loaded updated config and re-initialised all bars.
2025-08-07 12:39:50,077 [DEBUG] [MainThread] [qasync._windows._EventPoller/_windows.py:218]: Stopping worker thread...
2025-08-07 12:39:50,089 [DEBUG] [Dummy-6] [qasync._windows._EventWorker/_windows.py:201]: Exiting thread
2025-08-07 12:39:50,090 [DEBUG] [MainThread] [qasync._windows._IocpProactor/_windows.py:75]: Closing
2025-08-07 12:39:50,103 [ERROR] [Dummy-7] [root/event_service.py:32]: Failed to emit signal <bound PYQT_SIGNAL window_name_change of ActiveWindowWidget object at 0x00000252F7E96B70>. Removing link to WinEvent.EventObjectNameChange.
2025-08-07 12:39:50,364 [INFO] [MainThread] [root/log.py:59]: YASB v1.7.9
2025-08-07 12:39:50,368 [INFO] [Thread-1 (_run_server)] [cli_server/cli_server.py:212]: CLI server started v1.1.2
2025-08-07 12:39:50,369 [INFO] [MainThread] [cli_server/cli_server.py:104]: Log pipe server started
2025-08-07 12:39:50,727 [DEBUG] [MainThread] [tzlocal/win32.py:55]: Looking up time zone info from registry
2025-08-07 12:39:50,905 [ERROR] [MainThread] [root/weather.py:57]: API key or location is missing. Please provide a valid API key and location.
2025-08-07 12:39:50,914 [DEBUG] [MainThread] [comtypes/__init__.py:149]: CoInitializeEx(None, 2)
2025-08-07 12:39:51,656 [ERROR] [MainThread] [root/weather.py:57]: API key or location is missing. Please provide a valid API key and location.
2025-08-07 12:39:51,945 [INFO] [MainThread] [root/bar_manager.py:74]: Starting WindowsNotificationEventListener...
2025-08-07 12:39:51,952 [INFO] [MainThread] [root/bar_manager.py:74]: Starting SystemEventListener...
2025-08-07 12:39:51,953 [INFO] [MainThread] [root/watcher.py:54]: Created file watcher for path C:\Users\pavle.dencic\.config\yasb
2025-08-07 12:39:52,007 [DEBUG] [MainThread] [qasync._windows._EventPoller/_windows.py:213]: Starting (proactor: <_IocpProactor overlapped#=0 result#=0>)...
2025-08-07 12:39:52,008 [DEBUG] [Dummy-6] [qasync._windows._EventWorker/_windows.py:192]: Thread started
2025-08-07 12:40:50,684 [INFO] [MainThread] [root/controller.py:15]: Reloading Application because of config change.
2025-08-07 12:40:50,797 [INFO] [MainThread] [cli_server/cli_server.py:112]: Log pipe server stopped
2025-08-07 12:40:50,797 [DEBUG] [MainThread] [cli_server/cli_server.py:206]: CLI server stopped
2025-08-07 12:40:50,831 [INFO] [MainThread] [root/bar_manager.py:65]: Successfully loaded updated config and re-initialised all bars.
2025-08-07 12:40:50,831 [DEBUG] [MainThread] [qasync._windows._EventPoller/_windows.py:218]: Stopping worker thread...
2025-08-07 12:40:50,845 [DEBUG] [Dummy-6] [qasync._windows._EventWorker/_windows.py:201]: Exiting thread
2025-08-07 12:40:50,847 [DEBUG] [MainThread] [qasync._windows._IocpProactor/_windows.py:75]: Closing
2025-08-07 12:40:51,107 [INFO] [MainThread] [root/log.py:59]: YASB v1.7.9
2025-08-07 12:40:51,111 [INFO] [Thread-1 (_run_server)] [cli_server/cli_server.py:212]: CLI server started v1.1.2
2025-08-07 12:40:51,111 [INFO] [MainThread] [cli_server/cli_server.py:104]: Log pipe server started
2025-08-07 12:40:51,525 [DEBUG] [MainThread] [tzlocal/win32.py:55]: Looking up time zone info from registry
2025-08-07 12:40:51,707 [ERROR] [MainThread] [root/weather.py:57]: API key or location is missing. Please provide a valid API key and location.
2025-08-07 12:40:51,714 [DEBUG] [MainThread] [comtypes/__init__.py:149]: CoInitializeEx(None, 2)
2025-08-07 12:40:52,527 [ERROR] [MainThread] [root/weather.py:57]: API key or location is missing. Please provide a valid API key and location.
2025-08-07 12:40:52,781 [INFO] [MainThread] [root/bar_manager.py:74]: Starting WindowsNotificationEventListener...
2025-08-07 12:40:52,790 [INFO] [MainThread] [root/bar_manager.py:74]: Starting SystemEventListener...
2025-08-07 12:40:52,791 [INFO] [MainThread] [root/watcher.py:54]: Created file watcher for path C:\Users\pavle.dencic\.config\yasb
2025-08-07 12:40:52,870 [DEBUG] [MainThread] [qasync._windows._EventPoller/_windows.py:213]: Starting (proactor: <_IocpProactor overlapped#=0 result#=0>)...
2025-08-07 12:40:52,872 [DEBUG] [Dummy-6] [qasync._windows._EventWorker/_windows.py:192]: Thread started
2025-08-07 12:41:30,092 [INFO] [MainThread] [root/controller.py:15]: Reloading Application because of config change.
2025-08-07 12:41:30,195 [INFO] [MainThread] [cli_server/cli_server.py:112]: Log pipe server stopped
2025-08-07 12:41:30,195 [DEBUG] [MainThread] [cli_server/cli_server.py:206]: CLI server stopped
2025-08-07 12:41:30,224 [INFO] [MainThread] [root/bar_manager.py:65]: Successfully loaded updated config and re-initialised all bars.
2025-08-07 12:41:30,224 [DEBUG] [MainThread] [qasync._windows._EventPoller/_windows.py:218]: Stopping worker thread...
2025-08-07 12:41:30,242 [DEBUG] [Dummy-6] [qasync._windows._EventWorker/_windows.py:201]: Exiting thread
2025-08-07 12:41:30,243 [DEBUG] [MainThread] [qasync._windows._IocpProactor/_windows.py:75]: Closing
2025-08-07 12:41:30,252 [ERROR] [Dummy-7] [root/event_service.py:32]: Failed to emit signal <bound PYQT_SIGNAL window_name_change of ActiveWindowWidget object at 0x0000018007D46B70>. Removing link to WinEvent.EventObjectNameChange.
2025-08-07 12:41:30,496 [INFO] [MainThread] [root/log.py:59]: YASB v1.7.9
2025-08-07 12:41:30,500 [INFO] [Thread-1 (_run_server)] [cli_server/cli_server.py:212]: CLI server started v1.1.2
2025-08-07 12:41:30,500 [INFO] [MainThread] [cli_server/cli_server.py:104]: Log pipe server started
2025-08-07 12:41:30,716 [DEBUG] [MainThread] [tzlocal/win32.py:55]: Looking up time zone info from registry
2025-08-07 12:41:30,883 [ERROR] [MainThread] [root/weather.py:57]: API key or location is missing. Please provide a valid API key and location.
2025-08-07 12:41:30,885 [DEBUG] [MainThread] [comtypes/__init__.py:149]: CoInitializeEx(None, 2)
2025-08-07 12:41:31,539 [ERROR] [MainThread] [root/weather.py:57]: API key or location is missing. Please provide a valid API key and location.
2025-08-07 12:41:31,713 [INFO] [MainThread] [root/bar_manager.py:74]: Starting SystemEventListener...
2025-08-07 12:41:31,715 [INFO] [MainThread] [root/bar_manager.py:74]: Starting WindowsNotificationEventListener...
2025-08-07 12:41:31,719 [INFO] [MainThread] [root/watcher.py:54]: Created file watcher for path C:\Users\pavle.dencic\.config\yasb
2025-08-07 12:41:31,768 [DEBUG] [MainThread] [qasync._windows._EventPoller/_windows.py:213]: Starting (proactor: <_IocpProactor overlapped#=0 result#=0>)...
2025-08-07 12:41:31,769 [DEBUG] [Dummy-6] [qasync._windows._EventWorker/_windows.py:192]: Thread started
2025-08-07 12:46:51,778 [INFO] [MainThread] [root/controller.py:15]: Reloading Application because of config change.
2025-08-07 12:46:51,885 [INFO] [MainThread] [cli_server/cli_server.py:112]: Log pipe server stopped
2025-08-07 12:46:51,885 [DEBUG] [MainThread] [cli_server/cli_server.py:206]: CLI server stopped
2025-08-07 12:46:51,903 [INFO] [MainThread] [root/bar_manager.py:65]: Successfully loaded updated config and re-initialised all bars.
2025-08-07 12:46:51,903 [DEBUG] [MainThread] [qasync._windows._EventPoller/_windows.py:218]: Stopping worker thread...
2025-08-07 12:46:51,916 [DEBUG] [Dummy-6] [qasync._windows._EventWorker/_windows.py:201]: Exiting thread
2025-08-07 12:46:51,917 [DEBUG] [MainThread] [qasync._windows._IocpProactor/_windows.py:75]: Closing
2025-08-07 12:46:52,203 [INFO] [MainThread] [root/log.py:59]: YASB v1.7.9
2025-08-07 12:46:52,209 [INFO] [Thread-1 (_run_server)] [cli_server/cli_server.py:212]: CLI server started v1.1.2
2025-08-07 12:46:52,210 [INFO] [MainThread] [cli_server/cli_server.py:104]: Log pipe server started
2025-08-07 12:46:52,683 [DEBUG] [MainThread] [tzlocal/win32.py:55]: Looking up time zone info from registry
2025-08-07 12:46:52,887 [ERROR] [MainThread] [root/weather.py:57]: API key or location is missing. Please provide a valid API key and location.
2025-08-07 12:46:52,893 [DEBUG] [MainThread] [comtypes/__init__.py:149]: CoInitializeEx(None, 2)
2025-08-07 12:46:53,856 [ERROR] [MainThread] [root/weather.py:57]: API key or location is missing. Please provide a valid API key and location.
2025-08-07 12:46:54,213 [INFO] [MainThread] [root/bar_manager.py:74]: Starting SystemEventListener...
2025-08-07 12:46:54,214 [INFO] [MainThread] [root/bar_manager.py:74]: Starting WindowsNotificationEventListener...
2025-08-07 12:46:54,227 [INFO] [MainThread] [root/watcher.py:54]: Created file watcher for path C:\Users\pavle.dencic\.config\yasb
2025-08-07 12:46:54,312 [DEBUG] [MainThread] [qasync._windows._EventPoller/_windows.py:213]: Starting (proactor: <_IocpProactor overlapped#=0 result#=0>)...
2025-08-07 12:46:54,320 [DEBUG] [Dummy-6] [qasync._windows._EventWorker/_windows.py:192]: Thread started
2025-08-07 12:46:58,287 [INFO] [MainThread] [root/controller.py:15]: Reloading Application because of config change.
2025-08-07 12:46:58,396 [INFO] [MainThread] [cli_server/cli_server.py:112]: Log pipe server stopped
2025-08-07 12:46:58,396 [DEBUG] [MainThread] [cli_server/cli_server.py:206]: CLI server stopped
2025-08-07 12:46:58,418 [INFO] [MainThread] [root/bar_manager.py:65]: Successfully loaded updated config and re-initialised all bars.
2025-08-07 12:46:58,418 [DEBUG] [MainThread] [qasync._windows._EventPoller/_windows.py:218]: Stopping worker thread...
2025-08-07 12:46:58,442 [DEBUG] [Dummy-6] [qasync._windows._EventWorker/_windows.py:201]: Exiting thread
2025-08-07 12:46:58,443 [DEBUG] [MainThread] [qasync._windows._IocpProactor/_windows.py:75]: Closing
2025-08-07 12:46:58,697 [INFO] [MainThread] [root/log.py:59]: YASB v1.7.9
2025-08-07 12:46:58,702 [INFO] [Thread-1 (_run_server)] [cli_server/cli_server.py:212]: CLI server started v1.1.2
2025-08-07 12:46:58,702 [INFO] [MainThread] [cli_server/cli_server.py:104]: Log pipe server started
2025-08-07 12:46:59,059 [DEBUG] [MainThread] [tzlocal/win32.py:55]: Looking up time zone info from registry
2025-08-07 12:46:59,286 [ERROR] [MainThread] [root/weather.py:57]: API key or location is missing. Please provide a valid API key and location.
2025-08-07 12:46:59,288 [DEBUG] [MainThread] [comtypes/__init__.py:149]: CoInitializeEx(None, 2)
2025-08-07 12:47:00,196 [ERROR] [MainThread] [root/weather.py:57]: API key or location is missing. Please provide a valid API key and location.
2025-08-07 12:47:00,584 [INFO] [MainThread] [root/bar_manager.py:74]: Starting SystemEventListener...
2025-08-07 12:47:00,584 [INFO] [MainThread] [root/bar_manager.py:74]: Starting WindowsNotificationEventListener...
2025-08-07 12:47:00,588 [INFO] [MainThread] [root/watcher.py:54]: Created file watcher for path C:\Users\pavle.dencic\.config\yasb
2025-08-07 12:47:00,648 [DEBUG] [MainThread] [qasync._windows._EventPoller/_windows.py:213]: Starting (proactor: <_IocpProactor overlapped#=0 result#=0>)...
2025-08-07 12:47:00,650 [DEBUG] [Dummy-6] [qasync._windows._EventWorker/_windows.py:192]: Thread started
2025-08-07 12:47:12,654 [INFO] [MainThread] [root/controller.py:15]: Reloading Application because of config change.
2025-08-07 12:47:12,762 [INFO] [MainThread] [cli_server/cli_server.py:112]: Log pipe server stopped
2025-08-07 12:47:12,762 [DEBUG] [MainThread] [cli_server/cli_server.py:206]: CLI server stopped
2025-08-07 12:47:12,785 [INFO] [MainThread] [root/bar_manager.py:65]: Successfully loaded updated config and re-initialised all bars.
2025-08-07 12:47:12,785 [DEBUG] [MainThread] [qasync._windows._EventPoller/_windows.py:218]: Stopping worker thread...
2025-08-07 12:47:12,809 [DEBUG] [Dummy-6] [qasync._windows._EventWorker/_windows.py:201]: Exiting thread
2025-08-07 12:47:12,810 [DEBUG] [MainThread] [qasync._windows._IocpProactor/_windows.py:75]: Closing
2025-08-07 12:47:12,819 [ERROR] [Dummy-7] [root/event_service.py:32]: Failed to emit signal <bound PYQT_SIGNAL window_name_change of ActiveWindowWidget object at 0x0000026DD47E6C10>. Removing link to WinEvent.EventObjectNameChange.
2025-08-07 12:47:13,043 [INFO] [MainThread] [root/log.py:59]: YASB v1.7.9
2025-08-07 12:47:13,047 [INFO] [Thread-1 (_run_server)] [cli_server/cli_server.py:212]: CLI server started v1.1.2
2025-08-07 12:47:13,047 [INFO] [MainThread] [cli_server/cli_server.py:104]: Log pipe server started
2025-08-07 12:47:13,408 [DEBUG] [MainThread] [tzlocal/win32.py:55]: Looking up time zone info from registry
2025-08-07 12:47:13,579 [ERROR] [MainThread] [root/weather.py:57]: API key or location is missing. Please provide a valid API key and location.
2025-08-07 12:47:13,582 [DEBUG] [MainThread] [comtypes/__init__.py:149]: CoInitializeEx(None, 2)
2025-08-07 12:47:14,407 [ERROR] [MainThread] [root/weather.py:57]: API key or location is missing. Please provide a valid API key and location.
2025-08-07 12:47:14,700 [INFO] [MainThread] [root/bar_manager.py:74]: Starting SystemEventListener...
2025-08-07 12:47:14,700 [INFO] [MainThread] [root/bar_manager.py:74]: Starting WindowsNotificationEventListener...
2025-08-07 12:47:14,703 [INFO] [MainThread] [root/watcher.py:54]: Created file watcher for path C:\Users\pavle.dencic\.config\yasb
2025-08-07 12:47:14,762 [DEBUG] [MainThread] [qasync._windows._EventPoller/_windows.py:213]: Starting (proactor: <_IocpProactor overlapped#=0 result#=0>)...
2025-08-07 12:47:14,763 [DEBUG] [Dummy-6] [qasync._windows._EventWorker/_windows.py:192]: Thread started
2025-08-07 12:49:08,351 [INFO] [MainThread] [root/controller.py:15]: Reloading Application because of config change.
2025-08-07 12:49:08,457 [INFO] [MainThread] [cli_server/cli_server.py:112]: Log pipe server stopped
2025-08-07 12:49:08,457 [DEBUG] [MainThread] [cli_server/cli_server.py:206]: CLI server stopped
2025-08-07 12:49:08,476 [INFO] [MainThread] [root/bar_manager.py:65]: Successfully loaded updated config and re-initialised all bars.
2025-08-07 12:49:08,476 [DEBUG] [MainThread] [qasync._windows._EventPoller/_windows.py:218]: Stopping worker thread...
2025-08-07 12:49:08,488 [DEBUG] [Dummy-6] [qasync._windows._EventWorker/_windows.py:201]: Exiting thread
2025-08-07 12:49:08,489 [DEBUG] [MainThread] [qasync._windows._IocpProactor/_windows.py:75]: Closing
2025-08-07 12:49:08,743 [INFO] [MainThread] [root/log.py:59]: YASB v1.7.9
2025-08-07 12:49:08,747 [INFO] [Thread-1 (_run_server)] [cli_server/cli_server.py:212]: CLI server started v1.1.2
2025-08-07 12:49:08,747 [INFO] [MainThread] [cli_server/cli_server.py:104]: Log pipe server started
2025-08-07 12:49:09,138 [DEBUG] [MainThread] [tzlocal/win32.py:55]: Looking up time zone info from registry
2025-08-07 12:49:09,235 [WARNING] [MainThread] [root/widget_builder.py:40]: No widget config could be found for widget 'media
2025-08-07 12:49:09,251 [ERROR] [MainThread] [root/weather.py:57]: API key or location is missing. Please provide a valid API key and location.
2025-08-07 12:49:09,253 [DEBUG] [MainThread] [comtypes/__init__.py:149]: CoInitializeEx(None, 2)
2025-08-07 12:49:09,996 [WARNING] [MainThread] [root/widget_builder.py:37]: Ignoring construction of invalid widget 'home'
2025-08-07 12:49:10,009 [WARNING] [MainThread] [root/widget_builder.py:37]: Ignoring construction of invalid widget 'media'
2025-08-07 12:49:10,013 [ERROR] [MainThread] [root/weather.py:57]: API key or location is missing. Please provide a valid API key and location.
2025-08-07 12:49:10,319 [INFO] [MainThread] [root/bar_manager.py:74]: Starting SystemEventListener...
2025-08-07 12:49:10,320 [INFO] [MainThread] [root/bar_manager.py:74]: Starting WindowsNotificationEventListener...
2025-08-07 12:49:10,327 [ERROR] [MainThread] [root/widget_builder.py:79]: Failed to add undefined widget(s)  - The widget "media" is undefined.
2025-08-07 12:50:59,431 [ERROR] [MainThread] [root/widget_builder.py:93]: Failed to validate widget(s) due to invalid options  - home
      media:
      - unknown field
      
2025-08-07 12:51:06,800 [INFO] [MainThread] [root/log.py:59]: YASB v1.7.9
2025-08-07 12:51:06,804 [INFO] [Thread-1 (_run_server)] [cli_server/cli_server.py:212]: CLI server started v1.1.2
2025-08-07 12:51:06,804 [INFO] [MainThread] [cli_server/cli_server.py:104]: Log pipe server started
2025-08-07 12:51:06,975 [DEBUG] [MainThread] [tzlocal/win32.py:55]: Looking up time zone info from registry
2025-08-07 12:51:07,097 [ERROR] [MainThread] [root/weather.py:57]: API key or location is missing. Please provide a valid API key and location.
2025-08-07 12:51:07,100 [DEBUG] [MainThread] [comtypes/__init__.py:149]: CoInitializeEx(None, 2)
2025-08-07 12:51:07,835 [ERROR] [MainThread] [root/weather.py:57]: API key or location is missing. Please provide a valid API key and location.
2025-08-07 12:51:08,216 [INFO] [MainThread] [root/bar_manager.py:74]: Starting WindowsNotificationEventListener...
2025-08-07 12:51:08,227 [INFO] [MainThread] [root/bar_manager.py:74]: Starting SystemEventListener...
2025-08-07 12:51:08,227 [INFO] [MainThread] [root/watcher.py:54]: Created file watcher for path C:\Users\pavle.dencic\.config\yasb
2025-08-07 12:51:08,296 [DEBUG] [MainThread] [qasync._windows._EventPoller/_windows.py:213]: Starting (proactor: <_IocpProactor overlapped#=0 result#=0>)...
2025-08-07 12:51:08,297 [DEBUG] [Dummy-6] [qasync._windows._EventWorker/_windows.py:192]: Thread started
2025-08-07 12:51:08,566 [ERROR] [MainThread] [root/media.py:985]: Error creating corner mask, return default thumb: y1 must be greater than or equal to y0
2025-08-07 12:51:08,572 [ERROR] [MainThread] [root/media.py:985]: Error creating corner mask, return default thumb: y1 must be greater than or equal to y0
2025-08-07 12:51:08,591 [ERROR] [MainThread] [root/media.py:985]: Error creating corner mask, return default thumb: y1 must be greater than or equal to y0
2025-08-07 12:51:08,599 [ERROR] [MainThread] [root/media.py:985]: Error creating corner mask, return default thumb: y1 must be greater than or equal to y0
2025-08-07 13:12:29,157 [INFO] [MainThread] [root/controller.py:15]: Reloading Application because of config change.
2025-08-07 13:12:29,267 [INFO] [MainThread] [cli_server/cli_server.py:112]: Log pipe server stopped
2025-08-07 13:12:29,267 [DEBUG] [MainThread] [cli_server/cli_server.py:206]: CLI server stopped
2025-08-07 13:12:29,302 [INFO] [MainThread] [root/bar_manager.py:65]: Successfully loaded updated config and re-initialised all bars.
2025-08-07 13:12:29,302 [DEBUG] [MainThread] [qasync._windows._EventPoller/_windows.py:218]: Stopping worker thread...
2025-08-07 13:12:29,314 [DEBUG] [Dummy-6] [qasync._windows._EventWorker/_windows.py:201]: Exiting thread
2025-08-07 13:12:29,315 [DEBUG] [MainThread] [qasync._windows._IocpProactor/_windows.py:75]: Closing
2025-08-07 13:12:29,577 [INFO] [MainThread] [root/log.py:59]: YASB v1.7.9
2025-08-07 13:12:29,582 [INFO] [Thread-1 (_run_server)] [cli_server/cli_server.py:212]: CLI server started v1.1.2
2025-08-07 13:12:29,584 [INFO] [MainThread] [cli_server/cli_server.py:104]: Log pipe server started
2025-08-07 13:12:30,034 [DEBUG] [MainThread] [tzlocal/win32.py:55]: Looking up time zone info from registry
2025-08-07 13:12:30,185 [ERROR] [MainThread] [root/weather.py:57]: API key or location is missing. Please provide a valid API key and location.
2025-08-07 13:12:30,189 [DEBUG] [MainThread] [comtypes/__init__.py:149]: CoInitializeEx(None, 2)
2025-08-07 13:12:30,993 [WARNING] [MainThread] [root/widget_builder.py:37]: Ignoring construction of invalid widget 'media'
2025-08-07 13:12:30,997 [ERROR] [MainThread] [root/weather.py:57]: API key or location is missing. Please provide a valid API key and location.
2025-08-07 13:12:31,318 [INFO] [MainThread] [root/bar_manager.py:74]: Starting SystemEventListener...
2025-08-07 13:12:31,319 [INFO] [MainThread] [root/bar_manager.py:74]: Starting WindowsNotificationEventListener...
2025-08-07 13:12:31,324 [ERROR] [MainThread] [root/widget_builder.py:93]: Failed to validate widget(s) due to invalid options  - media
      media_menu:
      - thumbnail_edge_fade:
        - unknown field
      
2025-08-07 13:12:41,523 [INFO] [MainThread] [root/watcher.py:54]: Created file watcher for path C:\Users\pavle.dencic\.config\yasb
2025-08-07 13:12:41,577 [DEBUG] [MainThread] [qasync._windows._EventPoller/_windows.py:213]: Starting (proactor: <_IocpProactor overlapped#=0 result#=0>)...
2025-08-07 13:12:41,580 [DEBUG] [Dummy-6] [qasync._windows._EventWorker/_windows.py:192]: Thread started
2025-08-07 13:12:43,512 [INFO] [MainThread] [root/controller.py:15]: Reloading Application because of config change.
2025-08-07 13:12:43,621 [INFO] [MainThread] [cli_server/cli_server.py:112]: Log pipe server stopped
2025-08-07 13:12:43,621 [DEBUG] [MainThread] [cli_server/cli_server.py:206]: CLI server stopped
2025-08-07 13:12:43,659 [INFO] [MainThread] [root/bar_manager.py:65]: Successfully loaded updated config and re-initialised all bars.
2025-08-07 13:12:43,660 [DEBUG] [MainThread] [qasync._windows._EventPoller/_windows.py:218]: Stopping worker thread...
2025-08-07 13:12:43,684 [DEBUG] [Dummy-6] [qasync._windows._EventWorker/_windows.py:201]: Exiting thread
2025-08-07 13:12:43,684 [DEBUG] [MainThread] [qasync._windows._IocpProactor/_windows.py:75]: Closing
2025-08-07 13:12:43,919 [INFO] [MainThread] [root/log.py:59]: YASB v1.7.9
2025-08-07 13:12:43,923 [INFO] [Thread-1 (_run_server)] [cli_server/cli_server.py:212]: CLI server started v1.1.2
2025-08-07 13:12:43,923 [INFO] [MainThread] [cli_server/cli_server.py:104]: Log pipe server started
2025-08-07 13:12:44,365 [DEBUG] [MainThread] [tzlocal/win32.py:55]: Looking up time zone info from registry
2025-08-07 13:12:44,556 [ERROR] [MainThread] [root/weather.py:57]: API key or location is missing. Please provide a valid API key and location.
2025-08-07 13:12:44,559 [DEBUG] [MainThread] [comtypes/__init__.py:149]: CoInitializeEx(None, 2)
2025-08-07 13:12:45,437 [ERROR] [MainThread] [root/weather.py:57]: API key or location is missing. Please provide a valid API key and location.
2025-08-07 13:12:45,781 [INFO] [MainThread] [root/bar_manager.py:74]: Starting WindowsNotificationEventListener...
2025-08-07 13:12:45,790 [INFO] [MainThread] [root/bar_manager.py:74]: Starting SystemEventListener...
2025-08-07 13:12:45,792 [INFO] [MainThread] [root/watcher.py:54]: Created file watcher for path C:\Users\pavle.dencic\.config\yasb
2025-08-07 13:12:45,870 [DEBUG] [MainThread] [qasync._windows._EventPoller/_windows.py:213]: Starting (proactor: <_IocpProactor overlapped#=0 result#=0>)...
2025-08-07 13:12:45,873 [DEBUG] [Dummy-6] [qasync._windows._EventWorker/_windows.py:192]: Thread started
2025-08-07 13:12:46,131 [ERROR] [MainThread] [root/media.py:985]: Error creating corner mask, return default thumb: y1 must be greater than or equal to y0
2025-08-07 13:12:46,140 [ERROR] [MainThread] [root/media.py:985]: Error creating corner mask, return default thumb: y1 must be greater than or equal to y0
2025-08-07 13:12:46,160 [ERROR] [MainThread] [root/media.py:985]: Error creating corner mask, return default thumb: y1 must be greater than or equal to y0
2025-08-07 13:12:46,165 [ERROR] [MainThread] [root/media.py:985]: Error creating corner mask, return default thumb: y1 must be greater than or equal to y0
2025-08-07 13:14:21,881 [INFO] [MainThread] [root/controller.py:15]: Reloading Application because of config change.
2025-08-07 13:14:21,989 [INFO] [MainThread] [cli_server/cli_server.py:112]: Log pipe server stopped
2025-08-07 13:14:21,989 [DEBUG] [MainThread] [cli_server/cli_server.py:206]: CLI server stopped
2025-08-07 13:14:22,019 [INFO] [MainThread] [root/bar_manager.py:65]: Successfully loaded updated config and re-initialised all bars.
2025-08-07 13:14:22,020 [DEBUG] [MainThread] [qasync._windows._EventPoller/_windows.py:218]: Stopping worker thread...
2025-08-07 13:14:22,035 [DEBUG] [Dummy-6] [qasync._windows._EventWorker/_windows.py:201]: Exiting thread
2025-08-07 13:14:22,037 [DEBUG] [MainThread] [qasync._windows._IocpProactor/_windows.py:75]: Closing
2025-08-07 13:14:22,051 [ERROR] [Dummy-7] [root/event_service.py:32]: Failed to emit signal <bound PYQT_SIGNAL window_name_change of ActiveWindowWidget object at 0x000002907280EAD0>. Removing link to WinEvent.EventObjectNameChange.
2025-08-07 13:14:22,285 [INFO] [MainThread] [root/log.py:59]: YASB v1.7.9
2025-08-07 13:14:22,289 [INFO] [Thread-1 (_run_server)] [cli_server/cli_server.py:212]: CLI server started v1.1.2
2025-08-07 13:14:22,289 [INFO] [MainThread] [cli_server/cli_server.py:104]: Log pipe server started
2025-08-07 13:14:22,722 [DEBUG] [MainThread] [tzlocal/win32.py:55]: Looking up time zone info from registry
2025-08-07 13:14:22,919 [ERROR] [MainThread] [root/weather.py:57]: API key or location is missing. Please provide a valid API key and location.
2025-08-07 13:14:22,922 [DEBUG] [MainThread] [comtypes/__init__.py:149]: CoInitializeEx(None, 2)
2025-08-07 13:14:23,745 [ERROR] [MainThread] [root/weather.py:57]: API key or location is missing. Please provide a valid API key and location.
2025-08-07 13:14:24,089 [INFO] [MainThread] [root/bar_manager.py:74]: Starting SystemEventListener...
2025-08-07 13:14:24,091 [INFO] [MainThread] [root/bar_manager.py:74]: Starting WindowsNotificationEventListener...
2025-08-07 13:14:24,100 [INFO] [MainThread] [root/watcher.py:54]: Created file watcher for path C:\Users\pavle.dencic\.config\yasb
2025-08-07 13:14:24,196 [DEBUG] [MainThread] [qasync._windows._EventPoller/_windows.py:213]: Starting (proactor: <_IocpProactor overlapped#=0 result#=0>)...
2025-08-07 13:14:24,201 [DEBUG] [Dummy-6] [qasync._windows._EventWorker/_windows.py:192]: Thread started
2025-08-07 13:15:27,717 [INFO] [MainThread] [root/controller.py:15]: Reloading Application because of config change.
2025-08-07 13:15:27,829 [INFO] [MainThread] [cli_server/cli_server.py:112]: Log pipe server stopped
2025-08-07 13:15:27,829 [DEBUG] [MainThread] [cli_server/cli_server.py:206]: CLI server stopped
2025-08-07 13:15:27,862 [INFO] [MainThread] [root/bar_manager.py:65]: Successfully loaded updated config and re-initialised all bars.
2025-08-07 13:15:27,862 [DEBUG] [MainThread] [qasync._windows._EventPoller/_windows.py:218]: Stopping worker thread...
2025-08-07 13:15:27,875 [DEBUG] [Dummy-6] [qasync._windows._EventWorker/_windows.py:201]: Exiting thread
2025-08-07 13:15:27,876 [DEBUG] [MainThread] [qasync._windows._IocpProactor/_windows.py:75]: Closing
2025-08-07 13:15:28,137 [INFO] [MainThread] [root/log.py:59]: YASB v1.7.9
2025-08-07 13:15:28,142 [INFO] [Thread-1 (_run_server)] [cli_server/cli_server.py:212]: CLI server started v1.1.2
2025-08-07 13:15:28,143 [INFO] [MainThread] [cli_server/cli_server.py:104]: Log pipe server started
2025-08-07 13:15:28,571 [DEBUG] [MainThread] [tzlocal/win32.py:55]: Looking up time zone info from registry
2025-08-07 13:15:28,765 [ERROR] [MainThread] [root/weather.py:57]: API key or location is missing. Please provide a valid API key and location.
2025-08-07 13:15:28,771 [DEBUG] [MainThread] [comtypes/__init__.py:149]: CoInitializeEx(None, 2)
2025-08-07 13:15:29,556 [ERROR] [MainThread] [root/weather.py:57]: API key or location is missing. Please provide a valid API key and location.
2025-08-07 13:15:29,913 [INFO] [MainThread] [root/bar_manager.py:74]: Starting WindowsNotificationEventListener...
2025-08-07 13:15:29,924 [INFO] [MainThread] [root/bar_manager.py:74]: Starting SystemEventListener...
2025-08-07 13:15:29,927 [INFO] [MainThread] [root/watcher.py:54]: Created file watcher for path C:\Users\pavle.dencic\.config\yasb
2025-08-07 13:15:30,024 [DEBUG] [MainThread] [qasync._windows._EventPoller/_windows.py:213]: Starting (proactor: <_IocpProactor overlapped#=0 result#=0>)...
2025-08-07 13:15:30,027 [DEBUG] [Dummy-6] [qasync._windows._EventWorker/_windows.py:192]: Thread started
2025-08-07 13:37:54,773 [ERROR] [MainThread] [root/active_window.py:339]: Failed to update active window title for window with HWND 12059944 emitted by event WinEvent.EventSystemForeground
Traceback (most recent call last):
  File "D:\a\yasb\yasb\src\core\widgets\yasb\active_window.py", line 267, in _update_window_title
pywintypes.error: (1400, 'GetForegroundWindow', 'Invalid window handle.')
2025-08-07 14:04:24,470 [ERROR] [MainThread] [root/active_window.py:339]: Failed to update active window title for window with HWND 5836340 emitted by event WinEvent.EventSystemForeground
Traceback (most recent call last):
  File "D:\a\yasb\yasb\src\core\widgets\yasb\active_window.py", line 267, in _update_window_title
pywintypes.error: (1400, 'GetForegroundWindow', 'Invalid window handle.')
2025-08-07 14:09:30,554 [INFO] [MainThread] [root/controller.py:15]: Reloading Application because of config change.
2025-08-07 14:09:30,669 [INFO] [MainThread] [cli_server/cli_server.py:112]: Log pipe server stopped
2025-08-07 14:09:30,669 [DEBUG] [MainThread] [cli_server/cli_server.py:206]: CLI server stopped
2025-08-07 14:09:30,703 [INFO] [MainThread] [root/bar_manager.py:65]: Successfully loaded updated config and re-initialised all bars.
2025-08-07 14:09:30,704 [DEBUG] [MainThread] [qasync._windows._EventPoller/_windows.py:218]: Stopping worker thread...
2025-08-07 14:09:30,717 [DEBUG] [Dummy-6] [qasync._windows._EventWorker/_windows.py:201]: Exiting thread
2025-08-07 14:09:30,718 [DEBUG] [MainThread] [qasync._windows._IocpProactor/_windows.py:75]: Closing
2025-08-07 14:09:30,731 [ERROR] [Dummy-7] [root/event_service.py:32]: Failed to emit signal <bound PYQT_SIGNAL window_name_change of ActiveWindowWidget object at 0x000001A630382AD0>. Removing link to WinEvent.EventObjectNameChange.
2025-08-07 14:09:31,000 [INFO] [MainThread] [root/log.py:59]: YASB v1.7.9
2025-08-07 14:09:31,004 [INFO] [Thread-1 (_run_server)] [cli_server/cli_server.py:212]: CLI server started v1.1.2
2025-08-07 14:09:31,004 [INFO] [MainThread] [cli_server/cli_server.py:104]: Log pipe server started
2025-08-07 14:09:31,415 [DEBUG] [MainThread] [tzlocal/win32.py:55]: Looking up time zone info from registry
2025-08-07 14:09:31,647 [ERROR] [MainThread] [root/weather.py:57]: API key or location is missing. Please provide a valid API key and location.
2025-08-07 14:09:31,650 [DEBUG] [MainThread] [comtypes/__init__.py:149]: CoInitializeEx(None, 2)
2025-08-07 14:09:32,463 [ERROR] [MainThread] [root/weather.py:57]: API key or location is missing. Please provide a valid API key and location.
2025-08-07 14:09:32,817 [INFO] [MainThread] [root/bar_manager.py:74]: Starting WindowsNotificationEventListener...
2025-08-07 14:09:32,822 [INFO] [MainThread] [root/bar_manager.py:74]: Starting SystemEventListener...
2025-08-07 14:09:32,824 [INFO] [MainThread] [root/watcher.py:54]: Created file watcher for path C:\Users\pavle.dencic\.config\yasb
2025-08-07 14:09:32,891 [DEBUG] [MainThread] [qasync._windows._EventPoller/_windows.py:213]: Starting (proactor: <_IocpProactor overlapped#=0 result#=0>)...
2025-08-07 14:09:32,896 [DEBUG] [Dummy-6] [qasync._windows._EventWorker/_windows.py:192]: Thread started
2025-08-07 14:20:24,331 [ERROR] [MainThread] [root/active_window.py:339]: Failed to update active window title for window with HWND 7212458 emitted by event WinEvent.EventSystemForeground
Traceback (most recent call last):
  File "D:\a\yasb\yasb\src\core\widgets\yasb\active_window.py", line 267, in _update_window_title
pywintypes.error: (1400, 'GetForegroundWindow', 'Invalid window handle.')
2025-08-07 14:23:40,833 [INFO] [MainThread] [root/controller.py:15]: Reloading Application because of config change.
2025-08-07 14:23:40,946 [INFO] [MainThread] [cli_server/cli_server.py:112]: Log pipe server stopped
2025-08-07 14:23:40,946 [DEBUG] [MainThread] [cli_server/cli_server.py:206]: CLI server stopped
2025-08-07 14:23:40,975 [INFO] [MainThread] [root/bar_manager.py:65]: Successfully loaded updated config and re-initialised all bars.
2025-08-07 14:23:40,975 [DEBUG] [MainThread] [qasync._windows._EventPoller/_windows.py:218]: Stopping worker thread...
2025-08-07 14:23:40,993 [DEBUG] [Dummy-6] [qasync._windows._EventWorker/_windows.py:201]: Exiting thread
2025-08-07 14:23:40,994 [DEBUG] [MainThread] [qasync._windows._IocpProactor/_windows.py:75]: Closing
2025-08-07 14:23:41,010 [ERROR] [Dummy-7] [root/event_service.py:32]: Failed to emit signal <bound PYQT_SIGNAL window_name_change of ActiveWindowWidget object at 0x0000019D4DE62A30>. Removing link to WinEvent.EventObjectNameChange.
2025-08-07 14:23:41,240 [INFO] [MainThread] [root/log.py:59]: YASB v1.7.9
2025-08-07 14:23:41,244 [INFO] [Thread-1 (_run_server)] [cli_server/cli_server.py:212]: CLI server started v1.1.2
2025-08-07 14:23:41,245 [INFO] [MainThread] [cli_server/cli_server.py:104]: Log pipe server started
2025-08-07 14:23:41,664 [DEBUG] [MainThread] [tzlocal/win32.py:55]: Looking up time zone info from registry
2025-08-07 14:23:41,905 [ERROR] [MainThread] [root/weather.py:57]: API key or location is missing. Please provide a valid API key and location.
2025-08-07 14:23:41,909 [DEBUG] [MainThread] [comtypes/__init__.py:149]: CoInitializeEx(None, 2)
2025-08-07 14:23:42,881 [ERROR] [MainThread] [root/weather.py:57]: API key or location is missing. Please provide a valid API key and location.
2025-08-07 14:23:43,249 [INFO] [MainThread] [root/bar_manager.py:74]: Starting SystemEventListener...
2025-08-07 14:23:43,251 [INFO] [MainThread] [root/bar_manager.py:74]: Starting WindowsNotificationEventListener...
2025-08-07 14:23:43,262 [INFO] [MainThread] [root/watcher.py:54]: Created file watcher for path C:\Users\pavle.dencic\.config\yasb
2025-08-07 14:23:43,328 [DEBUG] [MainThread] [qasync._windows._EventPoller/_windows.py:213]: Starting (proactor: <_IocpProactor overlapped#=0 result#=0>)...
2025-08-07 14:23:43,335 [DEBUG] [Dummy-6] [qasync._windows._EventWorker/_windows.py:192]: Thread started
2025-08-07 14:25:43,489 [INFO] [MainThread] [root/controller.py:15]: Reloading Application because of config change.
2025-08-07 14:25:43,593 [INFO] [MainThread] [cli_server/cli_server.py:112]: Log pipe server stopped
2025-08-07 14:25:43,593 [DEBUG] [MainThread] [cli_server/cli_server.py:206]: CLI server stopped
2025-08-07 14:25:43,612 [INFO] [MainThread] [root/bar_manager.py:65]: Successfully loaded updated config and re-initialised all bars.
2025-08-07 14:25:43,612 [DEBUG] [MainThread] [qasync._windows._EventPoller/_windows.py:218]: Stopping worker thread...
2025-08-07 14:25:43,625 [DEBUG] [Dummy-6] [qasync._windows._EventWorker/_windows.py:201]: Exiting thread
2025-08-07 14:25:43,627 [DEBUG] [MainThread] [qasync._windows._IocpProactor/_windows.py:75]: Closing
2025-08-07 14:25:43,653 [ERROR] [Dummy-7] [root/event_service.py:32]: Failed to emit signal <bound PYQT_SIGNAL window_name_change of ActiveWindowWidget object at 0x0000018A372F2AD0>. Removing link to WinEvent.EventObjectNameChange.
2025-08-07 14:25:43,865 [INFO] [MainThread] [root/log.py:59]: YASB v1.7.9
2025-08-07 14:25:43,868 [INFO] [Thread-1 (_run_server)] [cli_server/cli_server.py:212]: CLI server started v1.1.2
2025-08-07 14:25:43,870 [INFO] [MainThread] [cli_server/cli_server.py:104]: Log pipe server started
2025-08-07 14:25:44,156 [DEBUG] [MainThread] [tzlocal/win32.py:55]: Looking up time zone info from registry
2025-08-07 14:25:44,351 [ERROR] [MainThread] [root/weather.py:57]: API key or location is missing. Please provide a valid API key and location.
2025-08-07 14:25:44,354 [DEBUG] [MainThread] [comtypes/__init__.py:149]: CoInitializeEx(None, 2)
2025-08-07 14:25:45,028 [ERROR] [MainThread] [root/weather.py:57]: API key or location is missing. Please provide a valid API key and location.
2025-08-07 14:25:45,256 [INFO] [MainThread] [root/bar_manager.py:74]: Starting SystemEventListener...
2025-08-07 14:25:45,257 [INFO] [MainThread] [root/bar_manager.py:74]: Starting WindowsNotificationEventListener...
2025-08-07 14:25:45,261 [INFO] [MainThread] [root/watcher.py:54]: Created file watcher for path C:\Users\pavle.dencic\.config\yasb
2025-08-07 14:25:45,321 [DEBUG] [MainThread] [qasync._windows._EventPoller/_windows.py:213]: Starting (proactor: <_IocpProactor overlapped#=0 result#=0>)...
2025-08-07 14:25:45,324 [DEBUG] [Dummy-6] [qasync._windows._EventWorker/_windows.py:192]: Thread started
2025-08-07 14:25:58,706 [ERROR] [MainThread] [root/config.py:124]: The file 'C:\Users\pavle.dencic\.config\yasb\config.yaml' contains Parser Error(s). Please fix:
while parsing a flow sequence
  in "C:\Users\pavle.dencic\.config\yasb\config.yaml", line 41, column 13
expected ',' or ']', but got '<scalar>'
  in "C:\Users\pavle.dencic\.config\yasb\config.yaml", line 45, column 9
2025-08-07 14:26:00,699 [INFO] [MainThread] [root/controller.py:15]: Reloading Application because of config change.
2025-08-07 14:26:00,806 [INFO] [MainThread] [cli_server/cli_server.py:112]: Log pipe server stopped
2025-08-07 14:26:00,806 [DEBUG] [MainThread] [cli_server/cli_server.py:206]: CLI server stopped
2025-08-07 14:26:00,842 [INFO] [MainThread] [root/bar_manager.py:65]: Successfully loaded updated config and re-initialised all bars.
2025-08-07 14:26:00,842 [DEBUG] [MainThread] [qasync._windows._EventPoller/_windows.py:218]: Stopping worker thread...
2025-08-07 14:26:00,853 [DEBUG] [Dummy-6] [qasync._windows._EventWorker/_windows.py:201]: Exiting thread
2025-08-07 14:26:00,854 [DEBUG] [MainThread] [qasync._windows._IocpProactor/_windows.py:75]: Closing
2025-08-07 14:26:00,870 [ERROR] [Dummy-7] [root/event_service.py:32]: Failed to emit signal <bound PYQT_SIGNAL window_name_change of ActiveWindowWidget object at 0x000002A627CFAAD0>. Removing link to WinEvent.EventObjectNameChange.
2025-08-07 14:26:01,103 [INFO] [MainThread] [root/log.py:59]: YASB v1.7.9
2025-08-07 14:26:01,107 [INFO] [Thread-1 (_run_server)] [cli_server/cli_server.py:212]: CLI server started v1.1.2
2025-08-07 14:26:01,107 [INFO] [MainThread] [cli_server/cli_server.py:104]: Log pipe server started
2025-08-07 14:26:01,363 [DEBUG] [MainThread] [tzlocal/win32.py:55]: Looking up time zone info from registry
2025-08-07 14:26:01,517 [ERROR] [MainThread] [root/weather.py:57]: API key or location is missing. Please provide a valid API key and location.
2025-08-07 14:26:01,522 [DEBUG] [MainThread] [comtypes/__init__.py:149]: CoInitializeEx(None, 2)
2025-08-07 14:26:02,178 [ERROR] [MainThread] [root/weather.py:57]: API key or location is missing. Please provide a valid API key and location.
2025-08-07 14:26:02,393 [INFO] [MainThread] [root/bar_manager.py:74]: Starting SystemEventListener...
2025-08-07 14:26:02,394 [INFO] [MainThread] [root/bar_manager.py:74]: Starting WindowsNotificationEventListener...
2025-08-07 14:26:02,401 [INFO] [MainThread] [root/watcher.py:54]: Created file watcher for path C:\Users\pavle.dencic\.config\yasb
2025-08-07 14:26:02,452 [DEBUG] [MainThread] [qasync._windows._EventPoller/_windows.py:213]: Starting (proactor: <_IocpProactor overlapped#=0 result#=0>)...
2025-08-07 14:26:02,456 [DEBUG] [Dummy-6] [qasync._windows._EventWorker/_windows.py:192]: Thread started
2025-08-07 14:33:04,511 [ERROR] [MainThread] [root/active_window.py:339]: Failed to update active window title for window with HWND 2755302 emitted by event WinEvent.EventObjectStateChange
Traceback (most recent call last):
  File "D:\a\yasb\yasb\src\core\widgets\yasb\active_window.py", line 267, in _update_window_title
pywintypes.error: (1400, 'GetForegroundWindow', 'Invalid window handle.')
